2019-07-11 10:51:31.500  INFO 56892 --- [restartedMain] com.example.demo.DemoApplication         : Starting DemoApplication on LAPTOP-OH6I9VRO with PID 56892 (D:\workspace\ws0\train1\target\classes started by mango in D:\workspace\ws0\train1)
2019-07-11 10:51:31.516  INFO 56892 --- [restartedMain] com.example.demo.DemoApplication         : The following profiles are active: dev
2019-07-11 10:51:31.557  INFO 56892 --- [restartedMain] .e.DevToolsPropertyDefaultsPostProcessor : Devtools property defaults active! Set 'spring.devtools.add-properties' to 'false' to disable
2019-07-11 10:51:31.558  INFO 56892 --- [restartedMain] .e.DevToolsPropertyDefaultsPostProcessor : For additional web related logging consider setting the 'logging.level.web' property to 'DEBUG'
2019-07-11 10:51:32.907  INFO 56892 --- [restartedMain] .s.d.r.c.RepositoryConfigurationDelegate : Multiple Spring Data modules found, entering strict repository configuration mode!
2019-07-11 10:51:32.908  INFO 56892 --- [restartedMain] .s.d.r.c.RepositoryConfigurationDelegate : Bootstrapping Spring Data repositories in DEFAULT mode.
2019-07-11 10:51:32.924  INFO 56892 --- [restartedMain] .s.d.r.c.RepositoryConfigurationDelegate : Finished Spring Data repository scanning in 10ms. Found 0 repository interfaces.
2019-07-11 10:51:32.935  INFO 56892 --- [restartedMain] .s.d.r.c.RepositoryConfigurationDelegate : Multiple Spring Data modules found, entering strict repository configuration mode!
2019-07-11 10:51:32.936  INFO 56892 --- [restartedMain] .s.d.r.c.RepositoryConfigurationDelegate : Bootstrapping Spring Data repositories in DEFAULT mode.
2019-07-11 10:51:32.959  INFO 56892 --- [restartedMain] .s.d.r.c.RepositoryConfigurationDelegate : Finished Spring Data repository scanning in 4ms. Found 0 repository interfaces.
2019-07-11 10:51:33.279  INFO 56892 --- [restartedMain] faultConfiguringBeanFactoryPostProcessor : No bean named 'errorChannel' has been explicitly defined. Therefore, a default PublishSubscribeChannel will be created.
2019-07-11 10:51:33.288  INFO 56892 --- [restartedMain] faultConfiguringBeanFactoryPostProcessor : No bean named 'taskScheduler' has been explicitly defined. Therefore, a default ThreadPoolTaskScheduler will be created.
2019-07-11 10:51:33.293  INFO 56892 --- [restartedMain] faultConfiguringBeanFactoryPostProcessor : No bean named 'integrationHeaderChannelRegistry' has been explicitly defined. Therefore, a default DefaultHeaderChannelRegistry will be created.
2019-07-11 10:51:33.346  INFO 56892 --- [restartedMain] trationDelegate$BeanPostProcessorChecker : Bean 'org.springframework.amqp.rabbit.annotation.RabbitBootstrapConfiguration' of type [org.springframework.amqp.rabbit.annotation.RabbitBootstrapConfiguration$$EnhancerBySpringCGLIB$$627b67ae] is not eligible for getting processed by all BeanPostProcessors (for example: not eligible for auto-proxying)
2019-07-11 10:51:33.370  INFO 56892 --- [restartedMain] trationDelegate$BeanPostProcessorChecker : Bean 'org.springframework.kafka.annotation.KafkaBootstrapConfiguration' of type [org.springframework.kafka.annotation.KafkaBootstrapConfiguration$$EnhancerBySpringCGLIB$$6fc1bb03] is not eligible for getting processed by all BeanPostProcessors (for example: not eligible for auto-proxying)
2019-07-11 10:51:33.429  INFO 56892 --- [restartedMain] trationDelegate$BeanPostProcessorChecker : Bean 'org.springframework.transaction.annotation.ProxyTransactionManagementConfiguration' of type [org.springframework.transaction.annotation.ProxyTransactionManagementConfiguration$$EnhancerBySpringCGLIB$$9c0fa980] is not eligible for getting processed by all BeanPostProcessors (for example: not eligible for auto-proxying)
2019-07-11 10:51:33.570  INFO 56892 --- [restartedMain] trationDelegate$BeanPostProcessorChecker : Bean 'org.springframework.integration.config.IntegrationManagementConfiguration' of type [org.springframework.integration.config.IntegrationManagementConfiguration$$EnhancerBySpringCGLIB$$70164af] is not eligible for getting processed by all BeanPostProcessors (for example: not eligible for auto-proxying)
2019-07-11 10:51:33.588  INFO 56892 --- [restartedMain] trationDelegate$BeanPostProcessorChecker : Bean 'integrationDisposableAutoCreatedBeans' of type [org.springframework.integration.config.annotation.Disposables] is not eligible for getting processed by all BeanPostProcessors (for example: not eligible for auto-proxying)
2019-07-11 10:51:33.609  INFO 56892 --- [restartedMain] trationDelegate$BeanPostProcessorChecker : Bean 'org.springframework.hateoas.config.HateoasConfiguration' of type [org.springframework.hateoas.config.HateoasConfiguration$$EnhancerBySpringCGLIB$$1b8ff6b2] is not eligible for getting processed by all BeanPostProcessors (for example: not eligible for auto-proxying)
2019-07-11 10:51:34.049  INFO 56892 --- [restartedMain] o.s.b.w.embedded.tomcat.TomcatWebServer  : Tomcat initialized with port(s): 8080 (http)
2019-07-11 10:51:34.066  INFO 56892 --- [restartedMain] o.apache.catalina.core.StandardService   : Starting service [Tomcat]
2019-07-11 10:51:34.066  INFO 56892 --- [restartedMain] org.apache.catalina.core.StandardEngine  : Starting Servlet engine: [Apache Tomcat/9.0.16]
2019-07-11 10:51:34.072  INFO 56892 --- [restartedMain] o.a.catalina.core.AprLifecycleListener   : The APR based Apache Tomcat Native library which allows optimal performance in production environments was not found on the java.library.path: [D:\workspace\inst\jdk1.8.0_162\bin;C:\WINDOWS\Sun\Java\bin;C:\WINDOWS\system32;C:\WINDOWS;C:\windows\system32;C:\windows;C:\windows\System32\Wbem;C:\windows\System32\WindowsPowerShell\v1.0\;C:\windows\System32\OpenSSH\;C:\Program Files (x86)\NVIDIA Corporation\PhysX\Common;C:\Program Files\NVIDIA Corporation\NVIDIA NGX;C:\Program Files\NVIDIA Corporation\NVIDIA NvDLISR;D:\workspace\inst\jdk1.8.0_162\bin\;D:\software\dev\apache-maven-3.6.1\bin\;C:\Users\yx\AppData\Local\Microsoft\WindowsApps;C:\adb;%SystemRoot%\system32;%SystemRoot%;%SystemRoot%\System32\Wbem;%SYSTEMROOT%\System32\WindowsPowerShell\v1.0\;%SYSTEMROOT%\System32\OpenSSH\;C:\Users\mango\AppData\Local\Microsoft\WindowsApps;C:\Users\mango\AppData\Local\Programs\Git\cmd;;.]
2019-07-11 10:51:34.150  INFO 56892 --- [restartedMain] o.a.c.c.C.[Tomcat].[localhost].[/]       : Initializing Spring embedded WebApplicationContext
2019-07-11 10:51:34.151  INFO 56892 --- [restartedMain] o.s.web.context.ContextLoader            : Root WebApplicationContext: initialization completed in 2593 ms
2019-07-11 10:51:34.840  INFO 56892 --- [restartedMain] com.zaxxer.hikari.HikariDataSource       : HikariPool-1 - Starting...
2019-07-11 10:51:35.291  INFO 56892 --- [restartedMain] com.zaxxer.hikari.HikariDataSource       : HikariPool-1 - Start completed.
2019-07-11 10:51:36.178  INFO 56892 --- [restartedMain] o.hibernate.jpa.internal.util.LogHelper  : HHH000204: Processing PersistenceUnitInfo [
	name: default
	...]
2019-07-11 10:51:36.244  INFO 56892 --- [restartedMain] org.hibernate.Version                    : HHH000412: Hibernate Core {5.3.7.Final}
2019-07-11 10:51:36.245  INFO 56892 --- [restartedMain] org.hibernate.cfg.Environment            : HHH000206: hibernate.properties not found
2019-07-11 10:51:36.401  INFO 56892 --- [restartedMain] o.hibernate.annotations.common.Version   : HCANN000001: Hibernate Commons Annotations {5.0.4.Final}
2019-07-11 10:51:36.542  INFO 56892 --- [restartedMain] org.hibernate.dialect.Dialect            : HHH000400: Using dialect: org.hibernate.dialect.MySQL5Dialect
2019-07-11 10:51:37.767  INFO 56892 --- [restartedMain] j.LocalContainerEntityManagerFactoryBean : Initialized JPA EntityManagerFactory for persistence unit 'default'
2019-07-11 10:51:39.869  INFO 56892 --- [restartedMain] o.s.s.concurrent.ThreadPoolTaskExecutor  : Initializing ExecutorService
2019-07-11 10:51:39.886  INFO 56892 --- [restartedMain] o.s.s.concurrent.ThreadPoolTaskExecutor  : Initializing ExecutorService 'asyncExecutor'
2019-07-11 10:51:40.316  INFO 56892 --- [restartedMain] .s.s.UserDetailsServiceAutoConfiguration : 

Using generated security password: 9bc1cbfa-6538-4100-924d-301016b33c5e

2019-07-11 10:51:40.613  INFO 56892 --- [restartedMain] o.s.s.web.DefaultSecurityFilterChain     : Creating filter chain: any request, [org.springframework.security.web.context.request.async.WebAsyncManagerIntegrationFilter@6927b3f1, org.springframework.security.web.context.SecurityContextPersistenceFilter@26e87e2e, org.springframework.security.web.header.HeaderWriterFilter@543535c9, org.springframework.security.web.authentication.logout.LogoutFilter@23695035, org.springframework.security.web.savedrequest.RequestCacheAwareFilter@3493b8a6, org.springframework.security.web.servletapi.SecurityContextHolderAwareRequestFilter@ad9f0d5, org.springframework.security.web.authentication.AnonymousAuthenticationFilter@27180446, org.springframework.security.web.session.SessionManagementFilter@651f9fd6, org.springframework.security.web.access.ExceptionTranslationFilter@6bcddc91, org.springframework.security.web.access.intercept.FilterSecurityInterceptor@32967eb1]
2019-07-11 10:51:40.983  WARN 56892 --- [restartedMain] aWebConfiguration$JpaWebMvcConfiguration : spring.jpa.open-in-view is enabled by default. Therefore, database queries may be performed during view rendering. Explicitly configure spring.jpa.open-in-view to disable this warning
2019-07-11 10:51:41.224  INFO 56892 --- [restartedMain] o.s.b.a.w.s.WelcomePageHandlerMapping    : Adding welcome page template: index
2019-07-11 10:51:42.223  INFO 56892 --- [restartedMain] o.s.b.a.e.web.EndpointLinksResolver      : Exposing 17 endpoint(s) beneath base path '/actuator'
2019-07-11 10:51:42.392  WARN 56892 --- [restartedMain] o.s.b.d.a.OptionalLiveReloadServer       : Unable to start LiveReload server
2019-07-11 10:51:42.544  INFO 56892 --- [restartedMain] o.s.s.c.ThreadPoolTaskScheduler          : Initializing ExecutorService 'taskScheduler'
2019-07-11 10:51:42.681  INFO 56892 --- [restartedMain] o.s.i.endpoint.EventDrivenConsumer       : Adding {logging-channel-adapter:_org.springframework.integration.errorLogger} as a subscriber to the 'errorChannel' channel
2019-07-11 10:51:42.681  INFO 56892 --- [restartedMain] o.s.i.channel.PublishSubscribeChannel    : Channel 'learning-springboot.errorChannel' has 1 subscriber(s).
2019-07-11 10:51:42.681  INFO 56892 --- [restartedMain] o.s.i.endpoint.EventDrivenConsumer       : started _org.springframework.integration.errorLogger
2019-07-11 10:51:42.683  INFO 56892 --- [restartedMain] o.s.a.r.c.CachingConnectionFactory       : Attempting to connect to: [192.168.1.36:5672]
2019-07-11 10:51:42.713  INFO 56892 --- [restartedMain] o.s.a.r.c.CachingConnectionFactory       : Created new connection: rabbitConnectionFactory#7005cc28:0/SimpleConnection@7bf35704 [delegate=amqp://guest@192.168.1.36:5672/, localPort= 60623]
2019-07-11 10:51:42.720  INFO 56892 --- [restartedMain] o.s.amqp.rabbit.core.RabbitAdmin         : Auto-declaring a non-durable, auto-delete, or exclusive Queue (javainuse.queue) durable:false, auto-delete:false, exclusive:false. It will be redeclared if the broker stops and is restarted while the connection factory is alive, but all messages will be lost.
2019-07-11 10:51:42.813  INFO 56892 --- [restartedMain] o.s.b.w.embedded.tomcat.TomcatWebServer  : Tomcat started on port(s): 8080 (http) with context path ''
2019-07-11 10:51:42.816  INFO 56892 --- [restartedMain] com.example.demo.DemoApplication         : Started DemoApplication in 11.621 seconds (JVM running for 12.435)
2019-07-11 10:51:43.548  INFO 56892 --- [RMI TCP Connection(1)-192.168.1.35] o.a.c.c.C.[Tomcat].[localhost].[/]       : Initializing Spring DispatcherServlet 'dispatcherServlet'
2019-07-11 10:51:43.548  INFO 56892 --- [RMI TCP Connection(1)-192.168.1.35] o.s.web.servlet.DispatcherServlet        : Initializing Servlet 'dispatcherServlet'
2019-07-11 10:51:43.583  INFO 56892 --- [RMI TCP Connection(1)-192.168.1.35] o.s.web.servlet.DispatcherServlet        : Completed initialization in 35 ms
2019-07-11 10:51:43.704  INFO 56892 --- [RMI TCP Connection(2)-192.168.1.35] io.lettuce.core.EpollProvider            : Starting without optional epoll library
2019-07-11 10:51:43.706  INFO 56892 --- [RMI TCP Connection(2)-192.168.1.35] io.lettuce.core.KqueueProvider           : Starting without optional kqueue library
2019-07-11 10:52:34.663  INFO 56892 --- [http-nio-8080-exec-1] c.e.d.c.VueHelloWorldController          : vueHelloWorld
2019-07-11 11:00:58.210  INFO 56892 --- [Thread-31] o.s.a.r.l.SimpleMessageListenerContainer : Waiting for workers to finish.
2019-07-11 11:00:59.205  INFO 56892 --- [Thread-31] o.s.a.r.l.SimpleMessageListenerContainer : Successfully waited for workers to finish.
2019-07-11 11:00:59.207  INFO 56892 --- [Thread-31] o.s.i.endpoint.EventDrivenConsumer       : Removing {logging-channel-adapter:_org.springframework.integration.errorLogger} as a subscriber to the 'errorChannel' channel
2019-07-11 11:00:59.208  INFO 56892 --- [Thread-31] o.s.i.channel.PublishSubscribeChannel    : Channel 'learning-springboot.errorChannel' has 0 subscriber(s).
2019-07-11 11:00:59.208  INFO 56892 --- [Thread-31] o.s.i.endpoint.EventDrivenConsumer       : stopped _org.springframework.integration.errorLogger
2019-07-11 11:00:59.209  INFO 56892 --- [Thread-31] o.s.s.c.ThreadPoolTaskScheduler          : Shutting down ExecutorService 'taskScheduler'
2019-07-11 11:00:59.213  INFO 56892 --- [Thread-31] o.s.a.r.l.SimpleMessageListenerContainer : Shutdown ignored - container is not active already
2019-07-11 11:00:59.214  INFO 56892 --- [Thread-31] o.s.s.concurrent.ThreadPoolTaskExecutor  : Shutting down ExecutorService 'asyncExecutor'
2019-07-11 11:00:59.215  INFO 56892 --- [Thread-31] j.LocalContainerEntityManagerFactoryBean : Closing JPA EntityManagerFactory for persistence unit 'default'
2019-07-11 11:01:00.329  INFO 56892 --- [Thread-31] com.zaxxer.hikari.HikariDataSource       : HikariPool-1 - Shutdown initiated...
2019-07-11 11:01:00.336  INFO 56892 --- [Thread-31] com.zaxxer.hikari.HikariDataSource       : HikariPool-1 - Shutdown completed.
2019-07-11 11:04:06.178  INFO 59000 --- [restartedMain] com.example.demo.DemoApplication         : Starting DemoApplication on LAPTOP-OH6I9VRO with PID 59000 (D:\workspace\ws0\train1\target\classes started by mango in D:\workspace\ws0\train1)
2019-07-11 11:04:06.180  INFO 59000 --- [restartedMain] com.example.demo.DemoApplication         : The following profiles are active: dev
2019-07-11 11:04:06.246  INFO 59000 --- [restartedMain] .e.DevToolsPropertyDefaultsPostProcessor : Devtools property defaults active! Set 'spring.devtools.add-properties' to 'false' to disable
2019-07-11 11:04:06.247  INFO 59000 --- [restartedMain] .e.DevToolsPropertyDefaultsPostProcessor : For additional web related logging consider setting the 'logging.level.web' property to 'DEBUG'
2019-07-11 11:04:07.428  INFO 59000 --- [restartedMain] .s.d.r.c.RepositoryConfigurationDelegate : Multiple Spring Data modules found, entering strict repository configuration mode!
2019-07-11 11:04:07.428  INFO 59000 --- [restartedMain] .s.d.r.c.RepositoryConfigurationDelegate : Bootstrapping Spring Data repositories in DEFAULT mode.
2019-07-11 11:04:07.443  INFO 59000 --- [restartedMain] .s.d.r.c.RepositoryConfigurationDelegate : Finished Spring Data repository scanning in 9ms. Found 0 repository interfaces.
2019-07-11 11:04:07.452  INFO 59000 --- [restartedMain] .s.d.r.c.RepositoryConfigurationDelegate : Multiple Spring Data modules found, entering strict repository configuration mode!
2019-07-11 11:04:07.453  INFO 59000 --- [restartedMain] .s.d.r.c.RepositoryConfigurationDelegate : Bootstrapping Spring Data repositories in DEFAULT mode.
2019-07-11 11:04:07.463  INFO 59000 --- [restartedMain] .s.d.r.c.RepositoryConfigurationDelegate : Finished Spring Data repository scanning in 4ms. Found 0 repository interfaces.
2019-07-11 11:04:07.783  INFO 59000 --- [restartedMain] faultConfiguringBeanFactoryPostProcessor : No bean named 'errorChannel' has been explicitly defined. Therefore, a default PublishSubscribeChannel will be created.
2019-07-11 11:04:07.789  INFO 59000 --- [restartedMain] faultConfiguringBeanFactoryPostProcessor : No bean named 'taskScheduler' has been explicitly defined. Therefore, a default ThreadPoolTaskScheduler will be created.
2019-07-11 11:04:07.794  INFO 59000 --- [restartedMain] faultConfiguringBeanFactoryPostProcessor : No bean named 'integrationHeaderChannelRegistry' has been explicitly defined. Therefore, a default DefaultHeaderChannelRegistry will be created.
2019-07-11 11:04:07.845  INFO 59000 --- [restartedMain] trationDelegate$BeanPostProcessorChecker : Bean 'org.springframework.amqp.rabbit.annotation.RabbitBootstrapConfiguration' of type [org.springframework.amqp.rabbit.annotation.RabbitBootstrapConfiguration$$EnhancerBySpringCGLIB$$41a793fb] is not eligible for getting processed by all BeanPostProcessors (for example: not eligible for auto-proxying)
2019-07-11 11:04:07.869  INFO 59000 --- [restartedMain] trationDelegate$BeanPostProcessorChecker : Bean 'org.springframework.kafka.annotation.KafkaBootstrapConfiguration' of type [org.springframework.kafka.annotation.KafkaBootstrapConfiguration$$EnhancerBySpringCGLIB$$4eede750] is not eligible for getting processed by all BeanPostProcessors (for example: not eligible for auto-proxying)
2019-07-11 11:04:07.926  INFO 59000 --- [restartedMain] trationDelegate$BeanPostProcessorChecker : Bean 'org.springframework.transaction.annotation.ProxyTransactionManagementConfiguration' of type [org.springframework.transaction.annotation.ProxyTransactionManagementConfiguration$$EnhancerBySpringCGLIB$$7b3bd5cd] is not eligible for getting processed by all BeanPostProcessors (for example: not eligible for auto-proxying)
2019-07-11 11:04:08.096  INFO 59000 --- [restartedMain] trationDelegate$BeanPostProcessorChecker : Bean 'org.springframework.integration.config.IntegrationManagementConfiguration' of type [org.springframework.integration.config.IntegrationManagementConfiguration$$EnhancerBySpringCGLIB$$e62d90fc] is not eligible for getting processed by all BeanPostProcessors (for example: not eligible for auto-proxying)
2019-07-11 11:04:08.112  INFO 59000 --- [restartedMain] trationDelegate$BeanPostProcessorChecker : Bean 'integrationDisposableAutoCreatedBeans' of type [org.springframework.integration.config.annotation.Disposables] is not eligible for getting processed by all BeanPostProcessors (for example: not eligible for auto-proxying)
2019-07-11 11:04:08.132  INFO 59000 --- [restartedMain] trationDelegate$BeanPostProcessorChecker : Bean 'org.springframework.hateoas.config.HateoasConfiguration' of type [org.springframework.hateoas.config.HateoasConfiguration$$EnhancerBySpringCGLIB$$fabc22ff] is not eligible for getting processed by all BeanPostProcessors (for example: not eligible for auto-proxying)
2019-07-11 11:04:08.555  INFO 59000 --- [restartedMain] o.s.b.w.embedded.tomcat.TomcatWebServer  : Tomcat initialized with port(s): 8080 (http)
2019-07-11 11:04:08.571  INFO 59000 --- [restartedMain] o.apache.catalina.core.StandardService   : Starting service [Tomcat]
2019-07-11 11:04:08.571  INFO 59000 --- [restartedMain] org.apache.catalina.core.StandardEngine  : Starting Servlet engine: [Apache Tomcat/9.0.16]
2019-07-11 11:04:08.576  INFO 59000 --- [restartedMain] o.a.catalina.core.AprLifecycleListener   : The APR based Apache Tomcat Native library which allows optimal performance in production environments was not found on the java.library.path: [D:\workspace\inst\jdk1.8.0_162\bin;C:\WINDOWS\Sun\Java\bin;C:\WINDOWS\system32;C:\WINDOWS;C:\windows\system32;C:\windows;C:\windows\System32\Wbem;C:\windows\System32\WindowsPowerShell\v1.0\;C:\windows\System32\OpenSSH\;C:\Program Files (x86)\NVIDIA Corporation\PhysX\Common;C:\Program Files\NVIDIA Corporation\NVIDIA NGX;C:\Program Files\NVIDIA Corporation\NVIDIA NvDLISR;D:\workspace\inst\jdk1.8.0_162\bin\;D:\software\dev\apache-maven-3.6.1\bin\;C:\Users\yx\AppData\Local\Microsoft\WindowsApps;C:\adb;%SystemRoot%\system32;%SystemRoot%;%SystemRoot%\System32\Wbem;%SYSTEMROOT%\System32\WindowsPowerShell\v1.0\;%SYSTEMROOT%\System32\OpenSSH\;C:\Users\mango\AppData\Local\Microsoft\WindowsApps;C:\Users\mango\AppData\Local\Programs\Git\cmd;;.]
2019-07-11 11:04:08.646  INFO 59000 --- [restartedMain] o.a.c.c.C.[Tomcat].[localhost].[/]       : Initializing Spring embedded WebApplicationContext
2019-07-11 11:04:08.647  INFO 59000 --- [restartedMain] o.s.web.context.ContextLoader            : Root WebApplicationContext: initialization completed in 2400 ms
2019-07-11 11:04:09.317  INFO 59000 --- [restartedMain] com.zaxxer.hikari.HikariDataSource       : HikariPool-1 - Starting...
2019-07-11 11:04:09.411  INFO 59000 --- [restartedMain] com.zaxxer.hikari.HikariDataSource       : HikariPool-1 - Start completed.
2019-07-11 11:04:10.266  INFO 59000 --- [restartedMain] o.hibernate.jpa.internal.util.LogHelper  : HHH000204: Processing PersistenceUnitInfo [
	name: default
	...]
2019-07-11 11:04:10.319  INFO 59000 --- [restartedMain] org.hibernate.Version                    : HHH000412: Hibernate Core {5.3.7.Final}
2019-07-11 11:04:10.320  INFO 59000 --- [restartedMain] org.hibernate.cfg.Environment            : HHH000206: hibernate.properties not found
2019-07-11 11:04:10.421  INFO 59000 --- [restartedMain] o.hibernate.annotations.common.Version   : HCANN000001: Hibernate Commons Annotations {5.0.4.Final}
2019-07-11 11:04:10.546  INFO 59000 --- [restartedMain] org.hibernate.dialect.Dialect            : HHH000400: Using dialect: org.hibernate.dialect.MySQL5Dialect
2019-07-11 11:04:11.207  INFO 59000 --- [restartedMain] j.LocalContainerEntityManagerFactoryBean : Initialized JPA EntityManagerFactory for persistence unit 'default'
2019-07-11 11:04:12.243  INFO 59000 --- [restartedMain] o.s.s.concurrent.ThreadPoolTaskExecutor  : Initializing ExecutorService
2019-07-11 11:04:12.252  INFO 59000 --- [restartedMain] o.s.s.concurrent.ThreadPoolTaskExecutor  : Initializing ExecutorService 'asyncExecutor'
2019-07-11 11:04:12.392  INFO 59000 --- [restartedMain] .s.s.UserDetailsServiceAutoConfiguration : 

Using generated security password: 13392306-a7e6-4f87-a404-aeb1f2fa23ec

2019-07-11 11:04:12.550  INFO 59000 --- [restartedMain] o.s.s.web.DefaultSecurityFilterChain     : Creating filter chain: any request, [org.springframework.security.web.context.request.async.WebAsyncManagerIntegrationFilter@29987b36, org.springframework.security.web.context.SecurityContextPersistenceFilter@45d11e43, org.springframework.security.web.header.HeaderWriterFilter@1cb6c756, org.springframework.security.web.authentication.logout.LogoutFilter@5ed63076, org.springframework.security.web.savedrequest.RequestCacheAwareFilter@202b9d26, org.springframework.security.web.servletapi.SecurityContextHolderAwareRequestFilter@4e35ea9e, org.springframework.security.web.authentication.AnonymousAuthenticationFilter@f0f0817, org.springframework.security.web.session.SessionManagementFilter@5217e724, org.springframework.security.web.access.ExceptionTranslationFilter@4aeb258d, org.springframework.security.web.access.intercept.FilterSecurityInterceptor@7008ec87]
2019-07-11 11:04:12.861  WARN 59000 --- [restartedMain] aWebConfiguration$JpaWebMvcConfiguration : spring.jpa.open-in-view is enabled by default. Therefore, database queries may be performed during view rendering. Explicitly configure spring.jpa.open-in-view to disable this warning
2019-07-11 11:04:13.119  INFO 59000 --- [restartedMain] o.s.b.a.w.s.WelcomePageHandlerMapping    : Adding welcome page template: index
2019-07-11 11:04:14.006  INFO 59000 --- [restartedMain] o.s.b.a.e.web.EndpointLinksResolver      : Exposing 17 endpoint(s) beneath base path '/actuator'
2019-07-11 11:04:14.164  WARN 59000 --- [restartedMain] o.s.b.d.a.OptionalLiveReloadServer       : Unable to start LiveReload server
2019-07-11 11:04:14.314  INFO 59000 --- [restartedMain] o.s.s.c.ThreadPoolTaskScheduler          : Initializing ExecutorService 'taskScheduler'
2019-07-11 11:04:14.444  INFO 59000 --- [restartedMain] o.s.i.endpoint.EventDrivenConsumer       : Adding {logging-channel-adapter:_org.springframework.integration.errorLogger} as a subscriber to the 'errorChannel' channel
2019-07-11 11:04:14.445  INFO 59000 --- [restartedMain] o.s.i.channel.PublishSubscribeChannel    : Channel 'learning-springboot.errorChannel' has 1 subscriber(s).
2019-07-11 11:04:14.445  INFO 59000 --- [restartedMain] o.s.i.endpoint.EventDrivenConsumer       : started _org.springframework.integration.errorLogger
2019-07-11 11:04:14.446  INFO 59000 --- [restartedMain] o.s.a.r.c.CachingConnectionFactory       : Attempting to connect to: [192.168.1.36:5672]
2019-07-11 11:04:14.481  INFO 59000 --- [restartedMain] o.s.a.r.c.CachingConnectionFactory       : Created new connection: rabbitConnectionFactory#79545d54:0/SimpleConnection@33d1bf9a [delegate=amqp://guest@192.168.1.36:5672/, localPort= 61635]
2019-07-11 11:04:14.488  INFO 59000 --- [restartedMain] o.s.amqp.rabbit.core.RabbitAdmin         : Auto-declaring a non-durable, auto-delete, or exclusive Queue (javainuse.queue) durable:false, auto-delete:false, exclusive:false. It will be redeclared if the broker stops and is restarted while the connection factory is alive, but all messages will be lost.
2019-07-11 11:04:14.579  INFO 59000 --- [restartedMain] o.s.b.w.embedded.tomcat.TomcatWebServer  : Tomcat started on port(s): 8080 (http) with context path ''
2019-07-11 11:04:14.582  INFO 59000 --- [restartedMain] com.example.demo.DemoApplication         : Started DemoApplication in 8.875 seconds (JVM running for 9.96)
2019-07-11 11:04:14.907  INFO 59000 --- [RMI TCP Connection(3)-192.168.1.35] o.a.c.c.C.[Tomcat].[localhost].[/]       : Initializing Spring DispatcherServlet 'dispatcherServlet'
2019-07-11 11:04:14.908  INFO 59000 --- [RMI TCP Connection(3)-192.168.1.35] o.s.web.servlet.DispatcherServlet        : Initializing Servlet 'dispatcherServlet'
2019-07-11 11:04:14.934  INFO 59000 --- [RMI TCP Connection(3)-192.168.1.35] o.s.web.servlet.DispatcherServlet        : Completed initialization in 26 ms
2019-07-11 11:04:15.035  INFO 59000 --- [RMI TCP Connection(4)-192.168.1.35] io.lettuce.core.EpollProvider            : Starting without optional epoll library
2019-07-11 11:04:15.037  INFO 59000 --- [RMI TCP Connection(4)-192.168.1.35] io.lettuce.core.KqueueProvider           : Starting without optional kqueue library
2019-07-11 11:13:08.128  INFO 59000 --- [Thread-2] o.s.a.r.l.SimpleMessageListenerContainer : Waiting for workers to finish.
2019-07-11 11:13:08.866  INFO 59000 --- [Thread-2] o.s.a.r.l.SimpleMessageListenerContainer : Successfully waited for workers to finish.
2019-07-11 11:13:08.869  INFO 59000 --- [Thread-2] o.s.i.endpoint.EventDrivenConsumer       : Removing {logging-channel-adapter:_org.springframework.integration.errorLogger} as a subscriber to the 'errorChannel' channel
2019-07-11 11:13:08.869  INFO 59000 --- [Thread-2] o.s.i.channel.PublishSubscribeChannel    : Channel 'learning-springboot.errorChannel' has 0 subscriber(s).
2019-07-11 11:13:08.869  INFO 59000 --- [Thread-2] o.s.i.endpoint.EventDrivenConsumer       : stopped _org.springframework.integration.errorLogger
2019-07-11 11:13:08.870  INFO 59000 --- [Thread-2] o.s.s.c.ThreadPoolTaskScheduler          : Shutting down ExecutorService 'taskScheduler'
2019-07-11 11:13:08.873  INFO 59000 --- [Thread-2] o.s.a.r.l.SimpleMessageListenerContainer : Shutdown ignored - container is not active already
2019-07-11 11:13:08.874  INFO 59000 --- [Thread-2] o.s.s.concurrent.ThreadPoolTaskExecutor  : Shutting down ExecutorService 'asyncExecutor'
2019-07-11 11:13:08.875  INFO 59000 --- [Thread-2] j.LocalContainerEntityManagerFactoryBean : Closing JPA EntityManagerFactory for persistence unit 'default'
2019-07-11 11:13:09.991  INFO 59000 --- [Thread-2] com.zaxxer.hikari.HikariDataSource       : HikariPool-1 - Shutdown initiated...
2019-07-11 11:13:09.996  INFO 59000 --- [Thread-2] com.zaxxer.hikari.HikariDataSource       : HikariPool-1 - Shutdown completed.
2019-07-11 11:13:10.431  INFO 59000 --- [restartedMain] com.example.demo.DemoApplication         : Starting DemoApplication on LAPTOP-OH6I9VRO with PID 59000 (D:\workspace\ws0\train1\target\classes started by mango in D:\workspace\ws0\train1)
2019-07-11 11:13:10.431  INFO 59000 --- [restartedMain] com.example.demo.DemoApplication         : The following profiles are active: dev
2019-07-11 11:13:10.940  INFO 59000 --- [restartedMain] .s.d.r.c.RepositoryConfigurationDelegate : Multiple Spring Data modules found, entering strict repository configuration mode!
2019-07-11 11:13:10.940  INFO 59000 --- [restartedMain] .s.d.r.c.RepositoryConfigurationDelegate : Bootstrapping Spring Data repositories in DEFAULT mode.
2019-07-11 11:13:10.947  INFO 59000 --- [restartedMain] .s.d.r.c.RepositoryConfigurationDelegate : Finished Spring Data repository scanning in 7ms. Found 0 repository interfaces.
2019-07-11 11:13:10.949  INFO 59000 --- [restartedMain] .s.d.r.c.RepositoryConfigurationDelegate : Multiple Spring Data modules found, entering strict repository configuration mode!
2019-07-11 11:13:10.949  INFO 59000 --- [restartedMain] .s.d.r.c.RepositoryConfigurationDelegate : Bootstrapping Spring Data repositories in DEFAULT mode.
2019-07-11 11:13:10.954  INFO 59000 --- [restartedMain] .s.d.r.c.RepositoryConfigurationDelegate : Finished Spring Data repository scanning in 5ms. Found 0 repository interfaces.
2019-07-11 11:13:11.019  INFO 59000 --- [restartedMain] faultConfiguringBeanFactoryPostProcessor : No bean named 'errorChannel' has been explicitly defined. Therefore, a default PublishSubscribeChannel will be created.
2019-07-11 11:13:11.019  INFO 59000 --- [restartedMain] faultConfiguringBeanFactoryPostProcessor : No bean named 'taskScheduler' has been explicitly defined. Therefore, a default ThreadPoolTaskScheduler will be created.
2019-07-11 11:13:11.021  INFO 59000 --- [restartedMain] faultConfiguringBeanFactoryPostProcessor : No bean named 'integrationHeaderChannelRegistry' has been explicitly defined. Therefore, a default DefaultHeaderChannelRegistry will be created.
2019-07-11 11:13:11.033  INFO 59000 --- [restartedMain] trationDelegate$BeanPostProcessorChecker : Bean 'org.springframework.amqp.rabbit.annotation.RabbitBootstrapConfiguration' of type [org.springframework.amqp.rabbit.annotation.RabbitBootstrapConfiguration$$EnhancerBySpringCGLIB$$41a793fb] is not eligible for getting processed by all BeanPostProcessors (for example: not eligible for auto-proxying)
2019-07-11 11:13:11.036  INFO 59000 --- [restartedMain] trationDelegate$BeanPostProcessorChecker : Bean 'org.springframework.kafka.annotation.KafkaBootstrapConfiguration' of type [org.springframework.kafka.annotation.KafkaBootstrapConfiguration$$EnhancerBySpringCGLIB$$4eede750] is not eligible for getting processed by all BeanPostProcessors (for example: not eligible for auto-proxying)
2019-07-11 11:13:11.052  INFO 59000 --- [restartedMain] trationDelegate$BeanPostProcessorChecker : Bean 'org.springframework.transaction.annotation.ProxyTransactionManagementConfiguration' of type [org.springframework.transaction.annotation.ProxyTransactionManagementConfiguration$$EnhancerBySpringCGLIB$$7b3bd5cd] is not eligible for getting processed by all BeanPostProcessors (for example: not eligible for auto-proxying)
2019-07-11 11:13:11.058  INFO 59000 --- [restartedMain] trationDelegate$BeanPostProcessorChecker : Bean 'org.springframework.integration.config.IntegrationManagementConfiguration' of type [org.springframework.integration.config.IntegrationManagementConfiguration$$EnhancerBySpringCGLIB$$e62d90fc] is not eligible for getting processed by all BeanPostProcessors (for example: not eligible for auto-proxying)
2019-07-11 11:13:11.063  INFO 59000 --- [restartedMain] trationDelegate$BeanPostProcessorChecker : Bean 'integrationDisposableAutoCreatedBeans' of type [org.springframework.integration.config.annotation.Disposables] is not eligible for getting processed by all BeanPostProcessors (for example: not eligible for auto-proxying)
2019-07-11 11:13:11.073  INFO 59000 --- [restartedMain] trationDelegate$BeanPostProcessorChecker : Bean 'org.springframework.hateoas.config.HateoasConfiguration' of type [org.springframework.hateoas.config.HateoasConfiguration$$EnhancerBySpringCGLIB$$fabc22ff] is not eligible for getting processed by all BeanPostProcessors (for example: not eligible for auto-proxying)
2019-07-11 11:13:11.224  INFO 59000 --- [restartedMain] o.s.b.w.embedded.tomcat.TomcatWebServer  : Tomcat initialized with port(s): 8080 (http)
2019-07-11 11:13:11.225  INFO 59000 --- [restartedMain] o.apache.catalina.core.StandardService   : Starting service [Tomcat]
2019-07-11 11:13:11.225  INFO 59000 --- [restartedMain] org.apache.catalina.core.StandardEngine  : Starting Servlet engine: [Apache Tomcat/9.0.16]
2019-07-11 11:13:11.237  INFO 59000 --- [restartedMain] o.a.c.c.C.[Tomcat].[localhost].[/]       : Initializing Spring embedded WebApplicationContext
2019-07-11 11:13:11.237  INFO 59000 --- [restartedMain] o.s.web.context.ContextLoader            : Root WebApplicationContext: initialization completed in 802 ms
2019-07-11 11:13:11.478  INFO 59000 --- [restartedMain] com.zaxxer.hikari.HikariDataSource       : HikariPool-2 - Starting...
2019-07-11 11:13:11.484  INFO 59000 --- [restartedMain] com.zaxxer.hikari.HikariDataSource       : HikariPool-2 - Start completed.
2019-07-11 11:13:11.743  INFO 59000 --- [restartedMain] o.hibernate.jpa.internal.util.LogHelper  : HHH000204: Processing PersistenceUnitInfo [
	name: default
	...]
2019-07-11 11:13:11.757  INFO 59000 --- [restartedMain] org.hibernate.dialect.Dialect            : HHH000400: Using dialect: org.hibernate.dialect.MySQL5Dialect
2019-07-11 11:13:11.804  INFO 59000 --- [restartedMain] j.LocalContainerEntityManagerFactoryBean : Initialized JPA EntityManagerFactory for persistence unit 'default'
2019-07-11 11:13:12.239  INFO 59000 --- [restartedMain] o.s.s.concurrent.ThreadPoolTaskExecutor  : Initializing ExecutorService
2019-07-11 11:13:12.239  INFO 59000 --- [restartedMain] o.s.s.concurrent.ThreadPoolTaskExecutor  : Initializing ExecutorService 'asyncExecutor'
2019-07-11 11:13:12.289  INFO 59000 --- [restartedMain] .s.s.UserDetailsServiceAutoConfiguration : 

Using generated security password: 2a34e77b-ae92-4f03-a208-8aa5aca18d2f

2019-07-11 11:13:12.312  INFO 59000 --- [restartedMain] o.s.s.web.DefaultSecurityFilterChain     : Creating filter chain: any request, [org.springframework.security.web.context.request.async.WebAsyncManagerIntegrationFilter@60253a6f, org.springframework.security.web.context.SecurityContextPersistenceFilter@4786c4e0, org.springframework.security.web.header.HeaderWriterFilter@6b7b1f6a, org.springframework.security.web.authentication.logout.LogoutFilter@7de4525f, org.springframework.security.web.savedrequest.RequestCacheAwareFilter@e1d7b3, org.springframework.security.web.servletapi.SecurityContextHolderAwareRequestFilter@3352188a, org.springframework.security.web.authentication.AnonymousAuthenticationFilter@5ee93834, org.springframework.security.web.session.SessionManagementFilter@998ec0b, org.springframework.security.web.access.ExceptionTranslationFilter@f8eb08, org.springframework.security.web.access.intercept.FilterSecurityInterceptor@53a551e4]
2019-07-11 11:13:12.399  WARN 59000 --- [restartedMain] aWebConfiguration$JpaWebMvcConfiguration : spring.jpa.open-in-view is enabled by default. Therefore, database queries may be performed during view rendering. Explicitly configure spring.jpa.open-in-view to disable this warning
2019-07-11 11:13:12.491  INFO 59000 --- [restartedMain] o.s.b.a.w.s.WelcomePageHandlerMapping    : Adding welcome page template: index
2019-07-11 11:13:12.798  INFO 59000 --- [restartedMain] o.s.b.a.e.web.EndpointLinksResolver      : Exposing 17 endpoint(s) beneath base path '/actuator'
2019-07-11 11:13:12.878  WARN 59000 --- [restartedMain] o.s.b.d.a.OptionalLiveReloadServer       : Unable to start LiveReload server
2019-07-11 11:13:12.934  INFO 59000 --- [restartedMain] o.s.s.c.ThreadPoolTaskScheduler          : Initializing ExecutorService 'taskScheduler'
2019-07-11 11:13:12.993  INFO 59000 --- [restartedMain] o.s.i.endpoint.EventDrivenConsumer       : Adding {logging-channel-adapter:_org.springframework.integration.errorLogger} as a subscriber to the 'errorChannel' channel
2019-07-11 11:13:12.994  INFO 59000 --- [restartedMain] o.s.i.channel.PublishSubscribeChannel    : Channel 'learning-springboot.errorChannel' has 1 subscriber(s).
2019-07-11 11:13:12.994  INFO 59000 --- [restartedMain] o.s.i.endpoint.EventDrivenConsumer       : started _org.springframework.integration.errorLogger
2019-07-11 11:13:12.995  INFO 59000 --- [restartedMain] o.s.a.r.c.CachingConnectionFactory       : Attempting to connect to: [192.168.1.36:5672]
2019-07-11 11:13:13.000  INFO 59000 --- [restartedMain] o.s.a.r.c.CachingConnectionFactory       : Created new connection: rabbitConnectionFactory#3771faec:0/SimpleConnection@35c01452 [delegate=amqp://guest@192.168.1.36:5672/, localPort= 62181]
2019-07-11 11:13:13.006  INFO 59000 --- [restartedMain] o.s.amqp.rabbit.core.RabbitAdmin         : Auto-declaring a non-durable, auto-delete, or exclusive Queue (javainuse.queue) durable:false, auto-delete:false, exclusive:false. It will be redeclared if the broker stops and is restarted while the connection factory is alive, but all messages will be lost.
2019-07-11 11:13:13.040  INFO 59000 --- [restartedMain] o.s.b.w.embedded.tomcat.TomcatWebServer  : Tomcat started on port(s): 8080 (http) with context path ''
2019-07-11 11:13:13.042  INFO 59000 --- [restartedMain] com.example.demo.DemoApplication         : Started DemoApplication in 2.64 seconds (JVM running for 548.419)
2019-07-11 11:13:13.048  INFO 59000 --- [restartedMain] .ConditionEvaluationDeltaLoggingListener : Condition evaluation unchanged
2019-07-11 11:15:39.615  INFO 59000 --- [Thread-39] o.s.a.r.l.SimpleMessageListenerContainer : Waiting for workers to finish.
2019-07-11 11:15:40.169  INFO 59000 --- [Thread-39] o.s.a.r.l.SimpleMessageListenerContainer : Successfully waited for workers to finish.
2019-07-11 11:15:40.267  INFO 59000 --- [Thread-39] o.s.i.endpoint.EventDrivenConsumer       : Removing {logging-channel-adapter:_org.springframework.integration.errorLogger} as a subscriber to the 'errorChannel' channel
2019-07-11 11:15:40.283  INFO 59000 --- [Thread-39] o.s.i.channel.PublishSubscribeChannel    : Channel 'learning-springboot.errorChannel' has 0 subscriber(s).
2019-07-11 11:15:40.283  INFO 59000 --- [Thread-39] o.s.i.endpoint.EventDrivenConsumer       : stopped _org.springframework.integration.errorLogger
2019-07-11 11:15:40.284  INFO 59000 --- [Thread-39] o.s.s.c.ThreadPoolTaskScheduler          : Shutting down ExecutorService 'taskScheduler'
2019-07-11 11:15:40.286  INFO 59000 --- [Thread-39] o.s.a.r.l.SimpleMessageListenerContainer : Shutdown ignored - container is not active already
2019-07-11 11:15:40.286  INFO 59000 --- [Thread-39] o.s.s.concurrent.ThreadPoolTaskExecutor  : Shutting down ExecutorService 'asyncExecutor'
2019-07-11 11:15:40.287  INFO 59000 --- [Thread-39] j.LocalContainerEntityManagerFactoryBean : Closing JPA EntityManagerFactory for persistence unit 'default'
2019-07-11 11:15:40.293  INFO 59000 --- [Thread-39] com.zaxxer.hikari.HikariDataSource       : HikariPool-2 - Shutdown initiated...
2019-07-11 11:15:40.321  INFO 59000 --- [Thread-39] com.zaxxer.hikari.HikariDataSource       : HikariPool-2 - Shutdown completed.
2019-07-11 11:15:41.171  INFO 59000 --- [restartedMain] com.example.demo.DemoApplication         : Starting DemoApplication on LAPTOP-OH6I9VRO with PID 59000 (D:\workspace\ws0\train1\target\classes started by mango in D:\workspace\ws0\train1)
2019-07-11 11:15:41.171  INFO 59000 --- [restartedMain] com.example.demo.DemoApplication         : The following profiles are active: dev
2019-07-11 11:15:41.786  INFO 59000 --- [restartedMain] .s.d.r.c.RepositoryConfigurationDelegate : Multiple Spring Data modules found, entering strict repository configuration mode!
2019-07-11 11:15:41.786  INFO 59000 --- [restartedMain] .s.d.r.c.RepositoryConfigurationDelegate : Bootstrapping Spring Data repositories in DEFAULT mode.
2019-07-11 11:15:41.792  INFO 59000 --- [restartedMain] .s.d.r.c.RepositoryConfigurationDelegate : Finished Spring Data repository scanning in 6ms. Found 0 repository interfaces.
2019-07-11 11:15:41.793  INFO 59000 --- [restartedMain] .s.d.r.c.RepositoryConfigurationDelegate : Multiple Spring Data modules found, entering strict repository configuration mode!
2019-07-11 11:15:41.794  INFO 59000 --- [restartedMain] .s.d.r.c.RepositoryConfigurationDelegate : Bootstrapping Spring Data repositories in DEFAULT mode.
2019-07-11 11:15:41.799  INFO 59000 --- [restartedMain] .s.d.r.c.RepositoryConfigurationDelegate : Finished Spring Data repository scanning in 5ms. Found 0 repository interfaces.
2019-07-11 11:15:41.854  INFO 59000 --- [restartedMain] faultConfiguringBeanFactoryPostProcessor : No bean named 'errorChannel' has been explicitly defined. Therefore, a default PublishSubscribeChannel will be created.
2019-07-11 11:15:41.854  INFO 59000 --- [restartedMain] faultConfiguringBeanFactoryPostProcessor : No bean named 'taskScheduler' has been explicitly defined. Therefore, a default ThreadPoolTaskScheduler will be created.
2019-07-11 11:15:41.855  INFO 59000 --- [restartedMain] faultConfiguringBeanFactoryPostProcessor : No bean named 'integrationHeaderChannelRegistry' has been explicitly defined. Therefore, a default DefaultHeaderChannelRegistry will be created.
2019-07-11 11:15:41.866  INFO 59000 --- [restartedMain] trationDelegate$BeanPostProcessorChecker : Bean 'org.springframework.amqp.rabbit.annotation.RabbitBootstrapConfiguration' of type [org.springframework.amqp.rabbit.annotation.RabbitBootstrapConfiguration$$EnhancerBySpringCGLIB$$41a793fb] is not eligible for getting processed by all BeanPostProcessors (for example: not eligible for auto-proxying)
2019-07-11 11:15:41.869  INFO 59000 --- [restartedMain] trationDelegate$BeanPostProcessorChecker : Bean 'org.springframework.kafka.annotation.KafkaBootstrapConfiguration' of type [org.springframework.kafka.annotation.KafkaBootstrapConfiguration$$EnhancerBySpringCGLIB$$4eede750] is not eligible for getting processed by all BeanPostProcessors (for example: not eligible for auto-proxying)
2019-07-11 11:15:41.884  INFO 59000 --- [restartedMain] trationDelegate$BeanPostProcessorChecker : Bean 'org.springframework.transaction.annotation.ProxyTransactionManagementConfiguration' of type [org.springframework.transaction.annotation.ProxyTransactionManagementConfiguration$$EnhancerBySpringCGLIB$$7b3bd5cd] is not eligible for getting processed by all BeanPostProcessors (for example: not eligible for auto-proxying)
2019-07-11 11:15:41.890  INFO 59000 --- [restartedMain] trationDelegate$BeanPostProcessorChecker : Bean 'org.springframework.integration.config.IntegrationManagementConfiguration' of type [org.springframework.integration.config.IntegrationManagementConfiguration$$EnhancerBySpringCGLIB$$e62d90fc] is not eligible for getting processed by all BeanPostProcessors (for example: not eligible for auto-proxying)
2019-07-11 11:15:41.894  INFO 59000 --- [restartedMain] trationDelegate$BeanPostProcessorChecker : Bean 'integrationDisposableAutoCreatedBeans' of type [org.springframework.integration.config.annotation.Disposables] is not eligible for getting processed by all BeanPostProcessors (for example: not eligible for auto-proxying)
2019-07-11 11:15:41.904  INFO 59000 --- [restartedMain] trationDelegate$BeanPostProcessorChecker : Bean 'org.springframework.hateoas.config.HateoasConfiguration' of type [org.springframework.hateoas.config.HateoasConfiguration$$EnhancerBySpringCGLIB$$fabc22ff] is not eligible for getting processed by all BeanPostProcessors (for example: not eligible for auto-proxying)
2019-07-11 11:15:42.064  INFO 59000 --- [restartedMain] o.s.b.w.embedded.tomcat.TomcatWebServer  : Tomcat initialized with port(s): 8080 (http)
2019-07-11 11:15:42.065  INFO 59000 --- [restartedMain] o.apache.catalina.core.StandardService   : Starting service [Tomcat]
2019-07-11 11:15:42.065  INFO 59000 --- [restartedMain] org.apache.catalina.core.StandardEngine  : Starting Servlet engine: [Apache Tomcat/9.0.16]
2019-07-11 11:15:42.076  INFO 59000 --- [restartedMain] o.a.c.c.C.[Tomcat].[localhost].[/]       : Initializing Spring embedded WebApplicationContext
2019-07-11 11:15:42.076  INFO 59000 --- [restartedMain] o.s.web.context.ContextLoader            : Root WebApplicationContext: initialization completed in 901 ms
2019-07-11 11:15:42.356  INFO 59000 --- [restartedMain] com.zaxxer.hikari.HikariDataSource       : HikariPool-3 - Starting...
2019-07-11 11:15:42.361  INFO 59000 --- [restartedMain] com.zaxxer.hikari.HikariDataSource       : HikariPool-3 - Start completed.
2019-07-11 11:15:42.750  INFO 59000 --- [restartedMain] o.hibernate.jpa.internal.util.LogHelper  : HHH000204: Processing PersistenceUnitInfo [
	name: default
	...]
2019-07-11 11:15:42.765  INFO 59000 --- [restartedMain] org.hibernate.dialect.Dialect            : HHH000400: Using dialect: org.hibernate.dialect.MySQL5Dialect
2019-07-11 11:15:42.822  INFO 59000 --- [restartedMain] j.LocalContainerEntityManagerFactoryBean : Initialized JPA EntityManagerFactory for persistence unit 'default'
2019-07-11 11:15:43.122  WARN 59000 --- [restartedMain] ConfigServletWebServerApplicationContext : Exception encountered during context initialization - cancelling refresh attempt: org.springframework.beans.factory.BeanCreationException: Error creating bean with name 'redisServiceImpl': Injection of resource dependencies failed; nested exception is org.springframework.beans.factory.NoSuchBeanDefinitionException: No qualifying bean of type 'org.springframework.data.redis.core.HashOperations<java.lang.String, java.lang.String, ?>' available: expected at least 1 bean which qualifies as autowire candidate. Dependency annotations: {@javax.annotation.Resource(shareable=true, lookup=, name=, description=, authenticationType=CONTAINER, type=class java.lang.Object, mappedName=)}
2019-07-11 11:15:43.122  INFO 59000 --- [restartedMain] j.LocalContainerEntityManagerFactoryBean : Closing JPA EntityManagerFactory for persistence unit 'default'
2019-07-11 11:15:43.126  INFO 59000 --- [restartedMain] com.zaxxer.hikari.HikariDataSource       : HikariPool-3 - Shutdown initiated...
2019-07-11 11:15:43.129  INFO 59000 --- [restartedMain] com.zaxxer.hikari.HikariDataSource       : HikariPool-3 - Shutdown completed.
2019-07-11 11:15:43.129  INFO 59000 --- [restartedMain] o.apache.catalina.core.StandardService   : Stopping service [Tomcat]
2019-07-11 11:15:43.140  INFO 59000 --- [restartedMain] ConditionEvaluationReportLoggingListener : 

Error starting ApplicationContext. To display the conditions report re-run your application with 'debug' enabled.
2019-07-11 11:15:43.346 ERROR 59000 --- [restartedMain] o.s.boot.SpringApplication               : Application run failed

org.springframework.beans.factory.BeanCreationException: Error creating bean with name 'redisServiceImpl': Injection of resource dependencies failed; nested exception is org.springframework.beans.factory.NoSuchBeanDefinitionException: No qualifying bean of type 'org.springframework.data.redis.core.HashOperations<java.lang.String, java.lang.String, ?>' available: expected at least 1 bean which qualifies as autowire candidate. Dependency annotations: {@javax.annotation.Resource(shareable=true, lookup=, name=, description=, authenticationType=CONTAINER, type=class java.lang.Object, mappedName=)}
	at org.springframework.context.annotation.CommonAnnotationBeanPostProcessor.postProcessProperties(CommonAnnotationBeanPostProcessor.java:324) ~[spring-context-5.1.5.RELEASE.jar:5.1.5.RELEASE]
	at org.springframework.beans.factory.support.AbstractAutowireCapableBeanFactory.populateBean(AbstractAutowireCapableBeanFactory.java:1395) ~[spring-beans-5.1.5.RELEASE.jar:5.1.5.RELEASE]
	at org.springframework.beans.factory.support.AbstractAutowireCapableBeanFactory.doCreateBean(AbstractAutowireCapableBeanFactory.java:592) ~[spring-beans-5.1.5.RELEASE.jar:5.1.5.RELEASE]
	at org.springframework.beans.factory.support.AbstractAutowireCapableBeanFactory.createBean(AbstractAutowireCapableBeanFactory.java:515) ~[spring-beans-5.1.5.RELEASE.jar:5.1.5.RELEASE]
	at org.springframework.beans.factory.support.AbstractBeanFactory.lambda$doGetBean$0(AbstractBeanFactory.java:320) ~[spring-beans-5.1.5.RELEASE.jar:5.1.5.RELEASE]
	at org.springframework.beans.factory.support.DefaultSingletonBeanRegistry.getSingleton(DefaultSingletonBeanRegistry.java:222) ~[spring-beans-5.1.5.RELEASE.jar:5.1.5.RELEASE]
	at org.springframework.beans.factory.support.AbstractBeanFactory.doGetBean(AbstractBeanFactory.java:318) ~[spring-beans-5.1.5.RELEASE.jar:5.1.5.RELEASE]
	at org.springframework.beans.factory.support.AbstractBeanFactory.getBean(AbstractBeanFactory.java:199) ~[spring-beans-5.1.5.RELEASE.jar:5.1.5.RELEASE]
	at org.springframework.beans.factory.support.DefaultListableBeanFactory.preInstantiateSingletons(DefaultListableBeanFactory.java:849) ~[spring-beans-5.1.5.RELEASE.jar:5.1.5.RELEASE]
	at org.springframework.context.support.AbstractApplicationContext.finishBeanFactoryInitialization(AbstractApplicationContext.java:877) ~[spring-context-5.1.5.RELEASE.jar:5.1.5.RELEASE]
	at org.springframework.context.support.AbstractApplicationContext.refresh(AbstractApplicationContext.java:549) ~[spring-context-5.1.5.RELEASE.jar:5.1.5.RELEASE]
	at org.springframework.boot.web.servlet.context.ServletWebServerApplicationContext.refresh(ServletWebServerApplicationContext.java:142) ~[spring-boot-2.1.3.RELEASE.jar:2.1.3.RELEASE]
	at org.springframework.boot.SpringApplication.refresh(SpringApplication.java:775) [spring-boot-2.1.3.RELEASE.jar:2.1.3.RELEASE]
	at org.springframework.boot.SpringApplication.refreshContext(SpringApplication.java:397) [spring-boot-2.1.3.RELEASE.jar:2.1.3.RELEASE]
	at org.springframework.boot.SpringApplication.run(SpringApplication.java:316) [spring-boot-2.1.3.RELEASE.jar:2.1.3.RELEASE]
	at org.springframework.boot.SpringApplication.run(SpringApplication.java:1260) [spring-boot-2.1.3.RELEASE.jar:2.1.3.RELEASE]
	at org.springframework.boot.SpringApplication.run(SpringApplication.java:1248) [spring-boot-2.1.3.RELEASE.jar:2.1.3.RELEASE]
	at com.example.demo.DemoApplication.main(DemoApplication.java:17) [classes/:na]
	at sun.reflect.NativeMethodAccessorImpl.invoke0(Native Method) ~[na:1.8.0_162]
	at sun.reflect.NativeMethodAccessorImpl.invoke(NativeMethodAccessorImpl.java:62) ~[na:1.8.0_162]
	at sun.reflect.DelegatingMethodAccessorImpl.invoke(DelegatingMethodAccessorImpl.java:43) ~[na:1.8.0_162]
	at java.lang.reflect.Method.invoke(Method.java:498) ~[na:1.8.0_162]
	at org.springframework.boot.devtools.restart.RestartLauncher.run(RestartLauncher.java:49) [spring-boot-devtools-2.1.3.RELEASE.jar:2.1.3.RELEASE]
Caused by: org.springframework.beans.factory.NoSuchBeanDefinitionException: No qualifying bean of type 'org.springframework.data.redis.core.HashOperations<java.lang.String, java.lang.String, ?>' available: expected at least 1 bean which qualifies as autowire candidate. Dependency annotations: {@javax.annotation.Resource(shareable=true, lookup=, name=, description=, authenticationType=CONTAINER, type=class java.lang.Object, mappedName=)}
	at org.springframework.beans.factory.support.DefaultListableBeanFactory.raiseNoMatchingBeanFound(DefaultListableBeanFactory.java:1654) ~[spring-beans-5.1.5.RELEASE.jar:5.1.5.RELEASE]
	at org.springframework.beans.factory.support.DefaultListableBeanFactory.doResolveDependency(DefaultListableBeanFactory.java:1213) ~[spring-beans-5.1.5.RELEASE.jar:5.1.5.RELEASE]
	at org.springframework.beans.factory.support.DefaultListableBeanFactory.resolveDependency(DefaultListableBeanFactory.java:1167) ~[spring-beans-5.1.5.RELEASE.jar:5.1.5.RELEASE]
	at org.springframework.context.annotation.CommonAnnotationBeanPostProcessor.autowireResource(CommonAnnotationBeanPostProcessor.java:520) ~[spring-context-5.1.5.RELEASE.jar:5.1.5.RELEASE]
	at org.springframework.context.annotation.CommonAnnotationBeanPostProcessor.getResource(CommonAnnotationBeanPostProcessor.java:496) ~[spring-context-5.1.5.RELEASE.jar:5.1.5.RELEASE]
	at org.springframework.context.annotation.CommonAnnotationBeanPostProcessor$ResourceElement.getResourceToInject(CommonAnnotationBeanPostProcessor.java:636) ~[spring-context-5.1.5.RELEASE.jar:5.1.5.RELEASE]
	at org.springframework.beans.factory.annotation.InjectionMetadata$InjectedElement.inject(InjectionMetadata.java:180) ~[spring-beans-5.1.5.RELEASE.jar:5.1.5.RELEASE]
	at org.springframework.beans.factory.annotation.InjectionMetadata.inject(InjectionMetadata.java:90) ~[spring-beans-5.1.5.RELEASE.jar:5.1.5.RELEASE]
	at org.springframework.context.annotation.CommonAnnotationBeanPostProcessor.postProcessProperties(CommonAnnotationBeanPostProcessor.java:321) ~[spring-context-5.1.5.RELEASE.jar:5.1.5.RELEASE]
	... 22 common frames omitted

2019-07-11 11:15:44.824  INFO 59000 --- [restartedMain] com.example.demo.DemoApplication         : Starting DemoApplication on LAPTOP-OH6I9VRO with PID 59000 (D:\workspace\ws0\train1\target\classes started by mango in D:\workspace\ws0\train1)
2019-07-11 11:15:44.824  INFO 59000 --- [restartedMain] com.example.demo.DemoApplication         : The following profiles are active: dev
2019-07-11 11:15:45.430  INFO 59000 --- [restartedMain] .s.d.r.c.RepositoryConfigurationDelegate : Multiple Spring Data modules found, entering strict repository configuration mode!
2019-07-11 11:15:45.431  INFO 59000 --- [restartedMain] .s.d.r.c.RepositoryConfigurationDelegate : Bootstrapping Spring Data repositories in DEFAULT mode.
2019-07-11 11:15:45.437  INFO 59000 --- [restartedMain] .s.d.r.c.RepositoryConfigurationDelegate : Finished Spring Data repository scanning in 6ms. Found 0 repository interfaces.
2019-07-11 11:15:45.439  INFO 59000 --- [restartedMain] .s.d.r.c.RepositoryConfigurationDelegate : Multiple Spring Data modules found, entering strict repository configuration mode!
2019-07-11 11:15:45.439  INFO 59000 --- [restartedMain] .s.d.r.c.RepositoryConfigurationDelegate : Bootstrapping Spring Data repositories in DEFAULT mode.
2019-07-11 11:15:45.443  INFO 59000 --- [restartedMain] .s.d.r.c.RepositoryConfigurationDelegate : Finished Spring Data repository scanning in 4ms. Found 0 repository interfaces.
2019-07-11 11:15:45.507  INFO 59000 --- [restartedMain] faultConfiguringBeanFactoryPostProcessor : No bean named 'errorChannel' has been explicitly defined. Therefore, a default PublishSubscribeChannel will be created.
2019-07-11 11:15:45.507  INFO 59000 --- [restartedMain] faultConfiguringBeanFactoryPostProcessor : No bean named 'taskScheduler' has been explicitly defined. Therefore, a default ThreadPoolTaskScheduler will be created.
2019-07-11 11:15:45.508  INFO 59000 --- [restartedMain] faultConfiguringBeanFactoryPostProcessor : No bean named 'integrationHeaderChannelRegistry' has been explicitly defined. Therefore, a default DefaultHeaderChannelRegistry will be created.
2019-07-11 11:15:45.520  INFO 59000 --- [restartedMain] trationDelegate$BeanPostProcessorChecker : Bean 'org.springframework.amqp.rabbit.annotation.RabbitBootstrapConfiguration' of type [org.springframework.amqp.rabbit.annotation.RabbitBootstrapConfiguration$$EnhancerBySpringCGLIB$$41a793fb] is not eligible for getting processed by all BeanPostProcessors (for example: not eligible for auto-proxying)
2019-07-11 11:15:45.522  INFO 59000 --- [restartedMain] trationDelegate$BeanPostProcessorChecker : Bean 'org.springframework.kafka.annotation.KafkaBootstrapConfiguration' of type [org.springframework.kafka.annotation.KafkaBootstrapConfiguration$$EnhancerBySpringCGLIB$$4eede750] is not eligible for getting processed by all BeanPostProcessors (for example: not eligible for auto-proxying)
2019-07-11 11:15:45.537  INFO 59000 --- [restartedMain] trationDelegate$BeanPostProcessorChecker : Bean 'org.springframework.transaction.annotation.ProxyTransactionManagementConfiguration' of type [org.springframework.transaction.annotation.ProxyTransactionManagementConfiguration$$EnhancerBySpringCGLIB$$7b3bd5cd] is not eligible for getting processed by all BeanPostProcessors (for example: not eligible for auto-proxying)
2019-07-11 11:15:45.543  INFO 59000 --- [restartedMain] trationDelegate$BeanPostProcessorChecker : Bean 'org.springframework.integration.config.IntegrationManagementConfiguration' of type [org.springframework.integration.config.IntegrationManagementConfiguration$$EnhancerBySpringCGLIB$$e62d90fc] is not eligible for getting processed by all BeanPostProcessors (for example: not eligible for auto-proxying)
2019-07-11 11:15:45.547  INFO 59000 --- [restartedMain] trationDelegate$BeanPostProcessorChecker : Bean 'integrationDisposableAutoCreatedBeans' of type [org.springframework.integration.config.annotation.Disposables] is not eligible for getting processed by all BeanPostProcessors (for example: not eligible for auto-proxying)
2019-07-11 11:15:45.559  INFO 59000 --- [restartedMain] trationDelegate$BeanPostProcessorChecker : Bean 'org.springframework.hateoas.config.HateoasConfiguration' of type [org.springframework.hateoas.config.HateoasConfiguration$$EnhancerBySpringCGLIB$$fabc22ff] is not eligible for getting processed by all BeanPostProcessors (for example: not eligible for auto-proxying)
2019-07-11 11:15:45.786  INFO 59000 --- [restartedMain] o.s.b.w.embedded.tomcat.TomcatWebServer  : Tomcat initialized with port(s): 8080 (http)
2019-07-11 11:15:45.788  INFO 59000 --- [restartedMain] o.apache.catalina.core.StandardService   : Starting service [Tomcat]
2019-07-11 11:15:45.788  INFO 59000 --- [restartedMain] org.apache.catalina.core.StandardEngine  : Starting Servlet engine: [Apache Tomcat/9.0.16]
2019-07-11 11:15:45.804  INFO 59000 --- [restartedMain] o.a.c.c.C.[Tomcat-1].[localhost].[/]     : Initializing Spring embedded WebApplicationContext
2019-07-11 11:15:45.804  INFO 59000 --- [restartedMain] o.s.web.context.ContextLoader            : Root WebApplicationContext: initialization completed in 977 ms
2019-07-11 11:15:46.195  INFO 59000 --- [restartedMain] com.zaxxer.hikari.HikariDataSource       : HikariPool-4 - Starting...
2019-07-11 11:15:46.201  INFO 59000 --- [restartedMain] com.zaxxer.hikari.HikariDataSource       : HikariPool-4 - Start completed.
2019-07-11 11:15:46.514  INFO 59000 --- [restartedMain] o.hibernate.jpa.internal.util.LogHelper  : HHH000204: Processing PersistenceUnitInfo [
	name: default
	...]
2019-07-11 11:15:46.531  INFO 59000 --- [restartedMain] org.hibernate.dialect.Dialect            : HHH000400: Using dialect: org.hibernate.dialect.MySQL5Dialect
2019-07-11 11:15:46.596  INFO 59000 --- [restartedMain] j.LocalContainerEntityManagerFactoryBean : Initialized JPA EntityManagerFactory for persistence unit 'default'
2019-07-11 11:15:46.848  WARN 59000 --- [restartedMain] ConfigServletWebServerApplicationContext : Exception encountered during context initialization - cancelling refresh attempt: org.springframework.beans.factory.UnsatisfiedDependencyException: Error creating bean with name 'redisController' defined in file [D:\workspace\ws0\train1\target\classes\com\example\demo\controller\RedisController.class]: Unsatisfied dependency expressed through constructor parameter 0; nested exception is org.springframework.beans.factory.NoSuchBeanDefinitionException: No qualifying bean of type 'com.example.demo.redis.repo.CustomerRepository' available: expected at least 1 bean which qualifies as autowire candidate. Dependency annotations: {}
2019-07-11 11:15:46.848  INFO 59000 --- [restartedMain] j.LocalContainerEntityManagerFactoryBean : Closing JPA EntityManagerFactory for persistence unit 'default'
2019-07-11 11:15:46.851  INFO 59000 --- [restartedMain] com.zaxxer.hikari.HikariDataSource       : HikariPool-4 - Shutdown initiated...
2019-07-11 11:15:46.860  INFO 59000 --- [restartedMain] com.zaxxer.hikari.HikariDataSource       : HikariPool-4 - Shutdown completed.
2019-07-11 11:15:46.861  INFO 59000 --- [restartedMain] o.apache.catalina.core.StandardService   : Stopping service [Tomcat]
2019-07-11 11:15:46.873  INFO 59000 --- [restartedMain] ConditionEvaluationReportLoggingListener : 

Error starting ApplicationContext. To display the conditions report re-run your application with 'debug' enabled.
2019-07-11 11:15:47.041 ERROR 59000 --- [restartedMain] o.s.boot.SpringApplication               : Application run failed

org.springframework.beans.factory.UnsatisfiedDependencyException: Error creating bean with name 'redisController' defined in file [D:\workspace\ws0\train1\target\classes\com\example\demo\controller\RedisController.class]: Unsatisfied dependency expressed through constructor parameter 0; nested exception is org.springframework.beans.factory.NoSuchBeanDefinitionException: No qualifying bean of type 'com.example.demo.redis.repo.CustomerRepository' available: expected at least 1 bean which qualifies as autowire candidate. Dependency annotations: {}
	at org.springframework.beans.factory.support.ConstructorResolver.createArgumentArray(ConstructorResolver.java:769) ~[spring-beans-5.1.5.RELEASE.jar:5.1.5.RELEASE]
	at org.springframework.beans.factory.support.ConstructorResolver.autowireConstructor(ConstructorResolver.java:218) ~[spring-beans-5.1.5.RELEASE.jar:5.1.5.RELEASE]
	at org.springframework.beans.factory.support.AbstractAutowireCapableBeanFactory.autowireConstructor(AbstractAutowireCapableBeanFactory.java:1325) ~[spring-beans-5.1.5.RELEASE.jar:5.1.5.RELEASE]
	at org.springframework.beans.factory.support.AbstractAutowireCapableBeanFactory.createBeanInstance(AbstractAutowireCapableBeanFactory.java:1171) ~[spring-beans-5.1.5.RELEASE.jar:5.1.5.RELEASE]
	at org.springframework.beans.factory.support.AbstractAutowireCapableBeanFactory.doCreateBean(AbstractAutowireCapableBeanFactory.java:555) ~[spring-beans-5.1.5.RELEASE.jar:5.1.5.RELEASE]
	at org.springframework.beans.factory.support.AbstractAutowireCapableBeanFactory.createBean(AbstractAutowireCapableBeanFactory.java:515) ~[spring-beans-5.1.5.RELEASE.jar:5.1.5.RELEASE]
	at org.springframework.beans.factory.support.AbstractBeanFactory.lambda$doGetBean$0(AbstractBeanFactory.java:320) ~[spring-beans-5.1.5.RELEASE.jar:5.1.5.RELEASE]
	at org.springframework.beans.factory.support.DefaultSingletonBeanRegistry.getSingleton(DefaultSingletonBeanRegistry.java:222) ~[spring-beans-5.1.5.RELEASE.jar:5.1.5.RELEASE]
	at org.springframework.beans.factory.support.AbstractBeanFactory.doGetBean(AbstractBeanFactory.java:318) ~[spring-beans-5.1.5.RELEASE.jar:5.1.5.RELEASE]
	at org.springframework.beans.factory.support.AbstractBeanFactory.getBean(AbstractBeanFactory.java:199) ~[spring-beans-5.1.5.RELEASE.jar:5.1.5.RELEASE]
	at org.springframework.beans.factory.support.DefaultListableBeanFactory.preInstantiateSingletons(DefaultListableBeanFactory.java:849) ~[spring-beans-5.1.5.RELEASE.jar:5.1.5.RELEASE]
	at org.springframework.context.support.AbstractApplicationContext.finishBeanFactoryInitialization(AbstractApplicationContext.java:877) ~[spring-context-5.1.5.RELEASE.jar:5.1.5.RELEASE]
	at org.springframework.context.support.AbstractApplicationContext.refresh(AbstractApplicationContext.java:549) ~[spring-context-5.1.5.RELEASE.jar:5.1.5.RELEASE]
	at org.springframework.boot.web.servlet.context.ServletWebServerApplicationContext.refresh(ServletWebServerApplicationContext.java:142) ~[spring-boot-2.1.3.RELEASE.jar:2.1.3.RELEASE]
	at org.springframework.boot.SpringApplication.refresh(SpringApplication.java:775) [spring-boot-2.1.3.RELEASE.jar:2.1.3.RELEASE]
	at org.springframework.boot.SpringApplication.refreshContext(SpringApplication.java:397) [spring-boot-2.1.3.RELEASE.jar:2.1.3.RELEASE]
	at org.springframework.boot.SpringApplication.run(SpringApplication.java:316) [spring-boot-2.1.3.RELEASE.jar:2.1.3.RELEASE]
	at org.springframework.boot.SpringApplication.run(SpringApplication.java:1260) [spring-boot-2.1.3.RELEASE.jar:2.1.3.RELEASE]
	at org.springframework.boot.SpringApplication.run(SpringApplication.java:1248) [spring-boot-2.1.3.RELEASE.jar:2.1.3.RELEASE]
	at com.example.demo.DemoApplication.main(DemoApplication.java:17) [classes/:na]
	at sun.reflect.NativeMethodAccessorImpl.invoke0(Native Method) ~[na:1.8.0_162]
	at sun.reflect.NativeMethodAccessorImpl.invoke(NativeMethodAccessorImpl.java:62) ~[na:1.8.0_162]
	at sun.reflect.DelegatingMethodAccessorImpl.invoke(DelegatingMethodAccessorImpl.java:43) ~[na:1.8.0_162]
	at java.lang.reflect.Method.invoke(Method.java:498) ~[na:1.8.0_162]
	at org.springframework.boot.devtools.restart.RestartLauncher.run(RestartLauncher.java:49) [spring-boot-devtools-2.1.3.RELEASE.jar:2.1.3.RELEASE]
Caused by: org.springframework.beans.factory.NoSuchBeanDefinitionException: No qualifying bean of type 'com.example.demo.redis.repo.CustomerRepository' available: expected at least 1 bean which qualifies as autowire candidate. Dependency annotations: {}
	at org.springframework.beans.factory.support.DefaultListableBeanFactory.raiseNoMatchingBeanFound(DefaultListableBeanFactory.java:1654) ~[spring-beans-5.1.5.RELEASE.jar:5.1.5.RELEASE]
	at org.springframework.beans.factory.support.DefaultListableBeanFactory.doResolveDependency(DefaultListableBeanFactory.java:1213) ~[spring-beans-5.1.5.RELEASE.jar:5.1.5.RELEASE]
	at org.springframework.beans.factory.support.DefaultListableBeanFactory.resolveDependency(DefaultListableBeanFactory.java:1167) ~[spring-beans-5.1.5.RELEASE.jar:5.1.5.RELEASE]
	at org.springframework.beans.factory.support.ConstructorResolver.resolveAutowiredArgument(ConstructorResolver.java:857) ~[spring-beans-5.1.5.RELEASE.jar:5.1.5.RELEASE]
	at org.springframework.beans.factory.support.ConstructorResolver.createArgumentArray(ConstructorResolver.java:760) ~[spring-beans-5.1.5.RELEASE.jar:5.1.5.RELEASE]
	... 24 common frames omitted

2019-07-11 11:16:20.099  INFO 59000 --- [restartedMain] com.example.demo.DemoApplication         : Starting DemoApplication on LAPTOP-OH6I9VRO with PID 59000 (D:\workspace\ws0\train1\target\classes started by mango in D:\workspace\ws0\train1)
2019-07-11 11:16:20.099  INFO 59000 --- [restartedMain] com.example.demo.DemoApplication         : The following profiles are active: dev
2019-07-11 11:16:21.176  INFO 59000 --- [restartedMain] .s.d.r.c.RepositoryConfigurationDelegate : Multiple Spring Data modules found, entering strict repository configuration mode!
2019-07-11 11:16:21.179  INFO 59000 --- [restartedMain] .s.d.r.c.RepositoryConfigurationDelegate : Bootstrapping Spring Data repositories in DEFAULT mode.
2019-07-11 11:16:21.191  INFO 59000 --- [restartedMain] .s.d.r.c.RepositoryConfigurationDelegate : Finished Spring Data repository scanning in 12ms. Found 0 repository interfaces.
2019-07-11 11:16:21.196  INFO 59000 --- [restartedMain] .s.d.r.c.RepositoryConfigurationDelegate : Multiple Spring Data modules found, entering strict repository configuration mode!
2019-07-11 11:16:21.197  INFO 59000 --- [restartedMain] .s.d.r.c.RepositoryConfigurationDelegate : Bootstrapping Spring Data repositories in DEFAULT mode.
2019-07-11 11:16:21.203  INFO 59000 --- [restartedMain] .s.d.r.c.RepositoryConfigurationDelegate : Finished Spring Data repository scanning in 5ms. Found 0 repository interfaces.
2019-07-11 11:16:21.419  INFO 59000 --- [restartedMain] faultConfiguringBeanFactoryPostProcessor : No bean named 'errorChannel' has been explicitly defined. Therefore, a default PublishSubscribeChannel will be created.
2019-07-11 11:16:21.419  INFO 59000 --- [restartedMain] faultConfiguringBeanFactoryPostProcessor : No bean named 'taskScheduler' has been explicitly defined. Therefore, a default ThreadPoolTaskScheduler will be created.
2019-07-11 11:16:21.422  INFO 59000 --- [restartedMain] faultConfiguringBeanFactoryPostProcessor : No bean named 'integrationHeaderChannelRegistry' has been explicitly defined. Therefore, a default DefaultHeaderChannelRegistry will be created.
2019-07-11 11:16:21.443  INFO 59000 --- [restartedMain] trationDelegate$BeanPostProcessorChecker : Bean 'org.springframework.amqp.rabbit.annotation.RabbitBootstrapConfiguration' of type [org.springframework.amqp.rabbit.annotation.RabbitBootstrapConfiguration$$EnhancerBySpringCGLIB$$41a793fb] is not eligible for getting processed by all BeanPostProcessors (for example: not eligible for auto-proxying)
2019-07-11 11:16:21.451  INFO 59000 --- [restartedMain] trationDelegate$BeanPostProcessorChecker : Bean 'org.springframework.kafka.annotation.KafkaBootstrapConfiguration' of type [org.springframework.kafka.annotation.KafkaBootstrapConfiguration$$EnhancerBySpringCGLIB$$4eede750] is not eligible for getting processed by all BeanPostProcessors (for example: not eligible for auto-proxying)
2019-07-11 11:16:21.496  INFO 59000 --- [restartedMain] trationDelegate$BeanPostProcessorChecker : Bean 'org.springframework.transaction.annotation.ProxyTransactionManagementConfiguration' of type [org.springframework.transaction.annotation.ProxyTransactionManagementConfiguration$$EnhancerBySpringCGLIB$$7b3bd5cd] is not eligible for getting processed by all BeanPostProcessors (for example: not eligible for auto-proxying)
2019-07-11 11:16:21.505  INFO 59000 --- [restartedMain] trationDelegate$BeanPostProcessorChecker : Bean 'org.springframework.integration.config.IntegrationManagementConfiguration' of type [org.springframework.integration.config.IntegrationManagementConfiguration$$EnhancerBySpringCGLIB$$e62d90fc] is not eligible for getting processed by all BeanPostProcessors (for example: not eligible for auto-proxying)
2019-07-11 11:16:21.521  INFO 59000 --- [restartedMain] trationDelegate$BeanPostProcessorChecker : Bean 'integrationDisposableAutoCreatedBeans' of type [org.springframework.integration.config.annotation.Disposables] is not eligible for getting processed by all BeanPostProcessors (for example: not eligible for auto-proxying)
2019-07-11 11:16:21.571  INFO 59000 --- [restartedMain] trationDelegate$BeanPostProcessorChecker : Bean 'org.springframework.hateoas.config.HateoasConfiguration' of type [org.springframework.hateoas.config.HateoasConfiguration$$EnhancerBySpringCGLIB$$fabc22ff] is not eligible for getting processed by all BeanPostProcessors (for example: not eligible for auto-proxying)
2019-07-11 11:16:22.290  INFO 59000 --- [restartedMain] o.s.b.w.embedded.tomcat.TomcatWebServer  : Tomcat initialized with port(s): 8080 (http)
2019-07-11 11:16:22.290  INFO 59000 --- [restartedMain] o.apache.catalina.core.StandardService   : Starting service [Tomcat]
2019-07-11 11:16:22.291  INFO 59000 --- [restartedMain] org.apache.catalina.core.StandardEngine  : Starting Servlet engine: [Apache Tomcat/9.0.16]
2019-07-11 11:16:22.310  INFO 59000 --- [restartedMain] o.a.c.c.C.[Tomcat-2].[localhost].[/]     : Initializing Spring embedded WebApplicationContext
2019-07-11 11:16:22.310  INFO 59000 --- [restartedMain] o.s.web.context.ContextLoader            : Root WebApplicationContext: initialization completed in 2204 ms
2019-07-11 11:16:23.019  INFO 59000 --- [restartedMain] com.zaxxer.hikari.HikariDataSource       : HikariPool-5 - Starting...
2019-07-11 11:16:23.027  INFO 59000 --- [restartedMain] com.zaxxer.hikari.HikariDataSource       : HikariPool-5 - Start completed.
2019-07-11 11:16:23.476  INFO 59000 --- [restartedMain] o.hibernate.jpa.internal.util.LogHelper  : HHH000204: Processing PersistenceUnitInfo [
	name: default
	...]
2019-07-11 11:16:23.494  INFO 59000 --- [restartedMain] org.hibernate.dialect.Dialect            : HHH000400: Using dialect: org.hibernate.dialect.MySQL5Dialect
2019-07-11 11:16:23.552  INFO 59000 --- [restartedMain] j.LocalContainerEntityManagerFactoryBean : Initialized JPA EntityManagerFactory for persistence unit 'default'
2019-07-11 11:16:24.470  INFO 59000 --- [restartedMain] o.s.s.concurrent.ThreadPoolTaskExecutor  : Initializing ExecutorService
2019-07-11 11:16:24.471  INFO 59000 --- [restartedMain] o.s.s.concurrent.ThreadPoolTaskExecutor  : Initializing ExecutorService 'asyncExecutor'
2019-07-11 11:16:24.573  INFO 59000 --- [restartedMain] .s.s.UserDetailsServiceAutoConfiguration : 

Using generated security password: 0a5089c9-bb82-4475-8059-e4249e26ae15

2019-07-11 11:16:24.619  INFO 59000 --- [restartedMain] o.s.s.web.DefaultSecurityFilterChain     : Creating filter chain: any request, [org.springframework.security.web.context.request.async.WebAsyncManagerIntegrationFilter@6189ddeb, org.springframework.security.web.context.SecurityContextPersistenceFilter@10aa9a02, org.springframework.security.web.header.HeaderWriterFilter@43cbcd1b, org.springframework.security.web.authentication.logout.LogoutFilter@618014cc, org.springframework.security.web.savedrequest.RequestCacheAwareFilter@4a3c5308, org.springframework.security.web.servletapi.SecurityContextHolderAwareRequestFilter@5782fc41, org.springframework.security.web.authentication.AnonymousAuthenticationFilter@3a362397, org.springframework.security.web.session.SessionManagementFilter@3ec11ebb, org.springframework.security.web.access.ExceptionTranslationFilter@58704798, org.springframework.security.web.access.intercept.FilterSecurityInterceptor@7e7ab567]
2019-07-11 11:16:24.750  WARN 59000 --- [restartedMain] aWebConfiguration$JpaWebMvcConfiguration : spring.jpa.open-in-view is enabled by default. Therefore, database queries may be performed during view rendering. Explicitly configure spring.jpa.open-in-view to disable this warning
2019-07-11 11:16:24.848  INFO 59000 --- [restartedMain] o.s.b.a.w.s.WelcomePageHandlerMapping    : Adding welcome page template: index
2019-07-11 11:16:25.356  INFO 59000 --- [restartedMain] o.s.b.a.e.web.EndpointLinksResolver      : Exposing 17 endpoint(s) beneath base path '/actuator'
2019-07-11 11:16:25.498  WARN 59000 --- [restartedMain] o.s.b.d.a.OptionalLiveReloadServer       : Unable to start LiveReload server
2019-07-11 11:16:25.601  INFO 59000 --- [restartedMain] o.s.s.c.ThreadPoolTaskScheduler          : Initializing ExecutorService 'taskScheduler'
2019-07-11 11:16:25.739  INFO 59000 --- [restartedMain] o.s.i.endpoint.EventDrivenConsumer       : Adding {logging-channel-adapter:_org.springframework.integration.errorLogger} as a subscriber to the 'errorChannel' channel
2019-07-11 11:16:25.739  INFO 59000 --- [restartedMain] o.s.i.channel.PublishSubscribeChannel    : Channel 'learning-springboot.errorChannel' has 1 subscriber(s).
2019-07-11 11:16:25.740  INFO 59000 --- [restartedMain] o.s.i.endpoint.EventDrivenConsumer       : started _org.springframework.integration.errorLogger
2019-07-11 11:16:25.743  INFO 59000 --- [restartedMain] o.s.a.r.c.CachingConnectionFactory       : Attempting to connect to: [192.168.1.36:5672]
2019-07-11 11:16:25.753  INFO 59000 --- [restartedMain] o.s.a.r.c.CachingConnectionFactory       : Created new connection: rabbitConnectionFactory#4934759a:0/SimpleConnection@67e9ac54 [delegate=amqp://guest@192.168.1.36:5672/, localPort= 62441]
2019-07-11 11:16:25.761  INFO 59000 --- [restartedMain] o.s.amqp.rabbit.core.RabbitAdmin         : Auto-declaring a non-durable, auto-delete, or exclusive Queue (javainuse.queue) durable:false, auto-delete:false, exclusive:false. It will be redeclared if the broker stops and is restarted while the connection factory is alive, but all messages will be lost.
2019-07-11 11:16:25.805  INFO 59000 --- [restartedMain] o.s.b.w.embedded.tomcat.TomcatWebServer  : Tomcat started on port(s): 8080 (http) with context path ''
2019-07-11 11:16:25.806  INFO 59000 --- [restartedMain] com.example.demo.DemoApplication         : Started DemoApplication in 5.758 seconds (JVM running for 741.184)
2019-07-11 11:16:25.811  INFO 59000 --- [restartedMain] .ConditionEvaluationDeltaLoggingListener : Condition evaluation unchanged
2019-07-11 11:19:20.122  INFO 59000 --- [Thread-60] o.s.a.r.l.SimpleMessageListenerContainer : Waiting for workers to finish.
2019-07-11 11:19:20.926  INFO 59000 --- [Thread-60] o.s.a.r.l.SimpleMessageListenerContainer : Successfully waited for workers to finish.
2019-07-11 11:19:20.927  INFO 59000 --- [Thread-60] o.s.i.endpoint.EventDrivenConsumer       : Removing {logging-channel-adapter:_org.springframework.integration.errorLogger} as a subscriber to the 'errorChannel' channel
2019-07-11 11:19:20.927  INFO 59000 --- [Thread-60] o.s.i.channel.PublishSubscribeChannel    : Channel 'learning-springboot.errorChannel' has 0 subscriber(s).
2019-07-11 11:19:20.927  INFO 59000 --- [Thread-60] o.s.i.endpoint.EventDrivenConsumer       : stopped _org.springframework.integration.errorLogger
2019-07-11 11:19:20.927  INFO 59000 --- [Thread-60] o.s.s.c.ThreadPoolTaskScheduler          : Shutting down ExecutorService 'taskScheduler'
2019-07-11 11:19:20.929  INFO 59000 --- [Thread-60] o.s.a.r.l.SimpleMessageListenerContainer : Shutdown ignored - container is not active already
2019-07-11 11:19:20.929  INFO 59000 --- [Thread-60] o.s.s.concurrent.ThreadPoolTaskExecutor  : Shutting down ExecutorService 'asyncExecutor'
2019-07-11 11:19:20.930  INFO 59000 --- [Thread-60] j.LocalContainerEntityManagerFactoryBean : Closing JPA EntityManagerFactory for persistence unit 'default'
2019-07-11 11:19:20.937  INFO 59000 --- [Thread-60] com.zaxxer.hikari.HikariDataSource       : HikariPool-5 - Shutdown initiated...
2019-07-11 11:19:20.942  INFO 59000 --- [Thread-60] com.zaxxer.hikari.HikariDataSource       : HikariPool-5 - Shutdown completed.
2019-07-11 11:34:25.650  INFO 36744 --- [restartedMain] com.example.demo.DemoApplication         : Starting DemoApplication on LAPTOP-OH6I9VRO with PID 36744 (D:\workspace\ws0\train1\target\classes started by mango in D:\workspace\ws0\train1)
2019-07-11 11:34:25.653  INFO 36744 --- [restartedMain] com.example.demo.DemoApplication         : The following profiles are active: dev
2019-07-11 11:34:25.698  INFO 36744 --- [restartedMain] .e.DevToolsPropertyDefaultsPostProcessor : Devtools property defaults active! Set 'spring.devtools.add-properties' to 'false' to disable
2019-07-11 11:34:25.698  INFO 36744 --- [restartedMain] .e.DevToolsPropertyDefaultsPostProcessor : For additional web related logging consider setting the 'logging.level.web' property to 'DEBUG'
2019-07-11 11:34:26.782  INFO 36744 --- [restartedMain] .s.d.r.c.RepositoryConfigurationDelegate : Multiple Spring Data modules found, entering strict repository configuration mode!
2019-07-11 11:34:26.782  INFO 36744 --- [restartedMain] .s.d.r.c.RepositoryConfigurationDelegate : Bootstrapping Spring Data repositories in DEFAULT mode.
2019-07-11 11:34:26.797  INFO 36744 --- [restartedMain] .s.d.r.c.RepositoryConfigurationDelegate : Finished Spring Data repository scanning in 10ms. Found 0 repository interfaces.
2019-07-11 11:34:26.807  INFO 36744 --- [restartedMain] .s.d.r.c.RepositoryConfigurationDelegate : Multiple Spring Data modules found, entering strict repository configuration mode!
2019-07-11 11:34:26.808  INFO 36744 --- [restartedMain] .s.d.r.c.RepositoryConfigurationDelegate : Bootstrapping Spring Data repositories in DEFAULT mode.
2019-07-11 11:34:26.819  INFO 36744 --- [restartedMain] .s.d.r.c.RepositoryConfigurationDelegate : Finished Spring Data repository scanning in 5ms. Found 0 repository interfaces.
2019-07-11 11:34:27.135  INFO 36744 --- [restartedMain] faultConfiguringBeanFactoryPostProcessor : No bean named 'errorChannel' has been explicitly defined. Therefore, a default PublishSubscribeChannel will be created.
2019-07-11 11:34:27.141  INFO 36744 --- [restartedMain] faultConfiguringBeanFactoryPostProcessor : No bean named 'taskScheduler' has been explicitly defined. Therefore, a default ThreadPoolTaskScheduler will be created.
2019-07-11 11:34:27.145  INFO 36744 --- [restartedMain] faultConfiguringBeanFactoryPostProcessor : No bean named 'integrationHeaderChannelRegistry' has been explicitly defined. Therefore, a default DefaultHeaderChannelRegistry will be created.
2019-07-11 11:34:27.197  INFO 36744 --- [restartedMain] trationDelegate$BeanPostProcessorChecker : Bean 'org.springframework.amqp.rabbit.annotation.RabbitBootstrapConfiguration' of type [org.springframework.amqp.rabbit.annotation.RabbitBootstrapConfiguration$$EnhancerBySpringCGLIB$$1ad1727d] is not eligible for getting processed by all BeanPostProcessors (for example: not eligible for auto-proxying)
2019-07-11 11:34:27.223  INFO 36744 --- [restartedMain] trationDelegate$BeanPostProcessorChecker : Bean 'org.springframework.kafka.annotation.KafkaBootstrapConfiguration' of type [org.springframework.kafka.annotation.KafkaBootstrapConfiguration$$EnhancerBySpringCGLIB$$2817c5d2] is not eligible for getting processed by all BeanPostProcessors (for example: not eligible for auto-proxying)
2019-07-11 11:34:27.280  INFO 36744 --- [restartedMain] trationDelegate$BeanPostProcessorChecker : Bean 'org.springframework.transaction.annotation.ProxyTransactionManagementConfiguration' of type [org.springframework.transaction.annotation.ProxyTransactionManagementConfiguration$$EnhancerBySpringCGLIB$$5465b44f] is not eligible for getting processed by all BeanPostProcessors (for example: not eligible for auto-proxying)
2019-07-11 11:34:27.415  INFO 36744 --- [restartedMain] trationDelegate$BeanPostProcessorChecker : Bean 'org.springframework.integration.config.IntegrationManagementConfiguration' of type [org.springframework.integration.config.IntegrationManagementConfiguration$$EnhancerBySpringCGLIB$$bf576f7e] is not eligible for getting processed by all BeanPostProcessors (for example: not eligible for auto-proxying)
2019-07-11 11:34:27.430  INFO 36744 --- [restartedMain] trationDelegate$BeanPostProcessorChecker : Bean 'integrationDisposableAutoCreatedBeans' of type [org.springframework.integration.config.annotation.Disposables] is not eligible for getting processed by all BeanPostProcessors (for example: not eligible for auto-proxying)
2019-07-11 11:34:27.454  INFO 36744 --- [restartedMain] trationDelegate$BeanPostProcessorChecker : Bean 'org.springframework.hateoas.config.HateoasConfiguration' of type [org.springframework.hateoas.config.HateoasConfiguration$$EnhancerBySpringCGLIB$$d3e60181] is not eligible for getting processed by all BeanPostProcessors (for example: not eligible for auto-proxying)
2019-07-11 11:34:27.912  INFO 36744 --- [restartedMain] o.s.b.w.embedded.tomcat.TomcatWebServer  : Tomcat initialized with port(s): 8080 (http)
2019-07-11 11:34:27.928  INFO 36744 --- [restartedMain] o.apache.catalina.core.StandardService   : Starting service [Tomcat]
2019-07-11 11:34:27.929  INFO 36744 --- [restartedMain] org.apache.catalina.core.StandardEngine  : Starting Servlet engine: [Apache Tomcat/9.0.16]
2019-07-11 11:34:27.934  INFO 36744 --- [restartedMain] o.a.catalina.core.AprLifecycleListener   : The APR based Apache Tomcat Native library which allows optimal performance in production environments was not found on the java.library.path: [D:\workspace\inst\jdk1.8.0_162\bin;C:\WINDOWS\Sun\Java\bin;C:\WINDOWS\system32;C:\WINDOWS;C:\windows\system32;C:\windows;C:\windows\System32\Wbem;C:\windows\System32\WindowsPowerShell\v1.0\;C:\windows\System32\OpenSSH\;C:\Program Files (x86)\NVIDIA Corporation\PhysX\Common;C:\Program Files\NVIDIA Corporation\NVIDIA NGX;C:\Program Files\NVIDIA Corporation\NVIDIA NvDLISR;D:\workspace\inst\jdk1.8.0_162\bin\;D:\software\dev\apache-maven-3.6.1\bin\;C:\Users\yx\AppData\Local\Microsoft\WindowsApps;C:\adb;%SystemRoot%\system32;%SystemRoot%;%SystemRoot%\System32\Wbem;%SYSTEMROOT%\System32\WindowsPowerShell\v1.0\;%SYSTEMROOT%\System32\OpenSSH\;C:\Users\mango\AppData\Local\Microsoft\WindowsApps;C:\Users\mango\AppData\Local\Programs\Git\cmd;;.]
2019-07-11 11:34:28.004  INFO 36744 --- [restartedMain] o.a.c.c.C.[Tomcat].[localhost].[/]       : Initializing Spring embedded WebApplicationContext
2019-07-11 11:34:28.004  INFO 36744 --- [restartedMain] o.s.web.context.ContextLoader            : Root WebApplicationContext: initialization completed in 2306 ms
2019-07-11 11:34:28.720  INFO 36744 --- [restartedMain] com.zaxxer.hikari.HikariDataSource       : HikariPool-1 - Starting...
2019-07-11 11:34:28.809  INFO 36744 --- [restartedMain] com.zaxxer.hikari.HikariDataSource       : HikariPool-1 - Start completed.
2019-07-11 11:34:29.592  INFO 36744 --- [restartedMain] o.hibernate.jpa.internal.util.LogHelper  : HHH000204: Processing PersistenceUnitInfo [
	name: default
	...]
2019-07-11 11:34:29.647  INFO 36744 --- [restartedMain] org.hibernate.Version                    : HHH000412: Hibernate Core {5.3.7.Final}
2019-07-11 11:34:29.648  INFO 36744 --- [restartedMain] org.hibernate.cfg.Environment            : HHH000206: hibernate.properties not found
2019-07-11 11:34:29.752  INFO 36744 --- [restartedMain] o.hibernate.annotations.common.Version   : HCANN000001: Hibernate Commons Annotations {5.0.4.Final}
2019-07-11 11:34:29.873  INFO 36744 --- [restartedMain] org.hibernate.dialect.Dialect            : HHH000400: Using dialect: org.hibernate.dialect.MySQL5Dialect
2019-07-11 11:34:30.529  INFO 36744 --- [restartedMain] j.LocalContainerEntityManagerFactoryBean : Initialized JPA EntityManagerFactory for persistence unit 'default'
2019-07-11 11:34:31.574  INFO 36744 --- [restartedMain] o.s.s.concurrent.ThreadPoolTaskExecutor  : Initializing ExecutorService
2019-07-11 11:34:31.584  INFO 36744 --- [restartedMain] o.s.s.concurrent.ThreadPoolTaskExecutor  : Initializing ExecutorService 'asyncExecutor'
2019-07-11 11:34:31.726  INFO 36744 --- [restartedMain] .s.s.UserDetailsServiceAutoConfiguration : 

Using generated security password: e73538ef-0549-4497-b1fc-6d1a81433c15

2019-07-11 11:34:31.884  INFO 36744 --- [restartedMain] o.s.s.web.DefaultSecurityFilterChain     : Creating filter chain: any request, [org.springframework.security.web.context.request.async.WebAsyncManagerIntegrationFilter@5a27c1e5, org.springframework.security.web.context.SecurityContextPersistenceFilter@5bf8589f, org.springframework.security.web.header.HeaderWriterFilter@53ecd815, org.springframework.security.web.authentication.logout.LogoutFilter@4cbed68a, org.springframework.security.web.savedrequest.RequestCacheAwareFilter@73710e69, org.springframework.security.web.servletapi.SecurityContextHolderAwareRequestFilter@76007153, org.springframework.security.web.authentication.AnonymousAuthenticationFilter@7eb5223f, org.springframework.security.web.session.SessionManagementFilter@172f4600, org.springframework.security.web.access.ExceptionTranslationFilter@1a11a947, org.springframework.security.web.access.intercept.FilterSecurityInterceptor@74c6482e]
2019-07-11 11:34:32.189  WARN 36744 --- [restartedMain] aWebConfiguration$JpaWebMvcConfiguration : spring.jpa.open-in-view is enabled by default. Therefore, database queries may be performed during view rendering. Explicitly configure spring.jpa.open-in-view to disable this warning
2019-07-11 11:34:32.472  INFO 36744 --- [restartedMain] o.s.b.a.w.s.WelcomePageHandlerMapping    : Adding welcome page template: index
2019-07-11 11:34:33.319  INFO 36744 --- [restartedMain] o.s.b.a.e.web.EndpointLinksResolver      : Exposing 17 endpoint(s) beneath base path '/actuator'
2019-07-11 11:34:33.485  WARN 36744 --- [restartedMain] o.s.b.d.a.OptionalLiveReloadServer       : Unable to start LiveReload server
2019-07-11 11:34:33.637  INFO 36744 --- [restartedMain] o.s.s.c.ThreadPoolTaskScheduler          : Initializing ExecutorService 'taskScheduler'
2019-07-11 11:34:33.784  INFO 36744 --- [restartedMain] o.s.i.endpoint.EventDrivenConsumer       : Adding {logging-channel-adapter:_org.springframework.integration.errorLogger} as a subscriber to the 'errorChannel' channel
2019-07-11 11:34:33.785  INFO 36744 --- [restartedMain] o.s.i.channel.PublishSubscribeChannel    : Channel 'learning-springboot.errorChannel' has 1 subscriber(s).
2019-07-11 11:34:33.785  INFO 36744 --- [restartedMain] o.s.i.endpoint.EventDrivenConsumer       : started _org.springframework.integration.errorLogger
2019-07-11 11:34:33.786  INFO 36744 --- [restartedMain] o.s.a.r.c.CachingConnectionFactory       : Attempting to connect to: [192.168.1.36:5672]
2019-07-11 11:34:33.812  INFO 36744 --- [restartedMain] o.s.a.r.c.CachingConnectionFactory       : Created new connection: rabbitConnectionFactory#1b313b99:0/SimpleConnection@dcd848c [delegate=amqp://guest@192.168.1.36:5672/, localPort= 63594]
2019-07-11 11:34:33.819  INFO 36744 --- [restartedMain] o.s.amqp.rabbit.core.RabbitAdmin         : Auto-declaring a non-durable, auto-delete, or exclusive Queue (javainuse.queue) durable:false, auto-delete:false, exclusive:false. It will be redeclared if the broker stops and is restarted while the connection factory is alive, but all messages will be lost.
2019-07-11 11:34:33.916  INFO 36744 --- [restartedMain] o.s.b.w.embedded.tomcat.TomcatWebServer  : Tomcat started on port(s): 8080 (http) with context path ''
2019-07-11 11:34:33.919  INFO 36744 --- [restartedMain] com.example.demo.DemoApplication         : Started DemoApplication in 8.627 seconds (JVM running for 9.519)
2019-07-11 11:34:34.593  INFO 36744 --- [RMI TCP Connection(1)-192.168.1.35] o.a.c.c.C.[Tomcat].[localhost].[/]       : Initializing Spring DispatcherServlet 'dispatcherServlet'
2019-07-11 11:34:34.593  INFO 36744 --- [RMI TCP Connection(1)-192.168.1.35] o.s.web.servlet.DispatcherServlet        : Initializing Servlet 'dispatcherServlet'
2019-07-11 11:34:34.613  INFO 36744 --- [RMI TCP Connection(1)-192.168.1.35] o.s.web.servlet.DispatcherServlet        : Completed initialization in 20 ms
2019-07-11 11:34:34.694  INFO 36744 --- [RMI TCP Connection(2)-192.168.1.35] io.lettuce.core.EpollProvider            : Starting without optional epoll library
2019-07-11 11:34:34.697  INFO 36744 --- [RMI TCP Connection(2)-192.168.1.35] io.lettuce.core.KqueueProvider           : Starting without optional kqueue library
2019-07-11 11:34:42.385  INFO 36744 --- [http-nio-8080-exec-1] c.e.d.c.VueHelloWorldController          : vueHelloWorld
2019-07-11 11:35:56.295  INFO 36744 --- [Thread-26] o.s.a.r.l.SimpleMessageListenerContainer : Waiting for workers to finish.
2019-07-11 11:35:56.926  INFO 36744 --- [Thread-26] o.s.a.r.l.SimpleMessageListenerContainer : Successfully waited for workers to finish.
2019-07-11 11:35:56.929  INFO 36744 --- [Thread-26] o.s.i.endpoint.EventDrivenConsumer       : Removing {logging-channel-adapter:_org.springframework.integration.errorLogger} as a subscriber to the 'errorChannel' channel
2019-07-11 11:35:56.929  INFO 36744 --- [Thread-26] o.s.i.channel.PublishSubscribeChannel    : Channel 'learning-springboot.errorChannel' has 0 subscriber(s).
2019-07-11 11:35:56.930  INFO 36744 --- [Thread-26] o.s.i.endpoint.EventDrivenConsumer       : stopped _org.springframework.integration.errorLogger
2019-07-11 11:35:56.930  INFO 36744 --- [Thread-26] o.s.s.c.ThreadPoolTaskScheduler          : Shutting down ExecutorService 'taskScheduler'
2019-07-11 11:35:56.933  INFO 36744 --- [Thread-26] o.s.a.r.l.SimpleMessageListenerContainer : Shutdown ignored - container is not active already
2019-07-11 11:35:56.934  INFO 36744 --- [Thread-26] o.s.s.concurrent.ThreadPoolTaskExecutor  : Shutting down ExecutorService 'asyncExecutor'
2019-07-11 11:35:56.935  INFO 36744 --- [Thread-26] j.LocalContainerEntityManagerFactoryBean : Closing JPA EntityManagerFactory for persistence unit 'default'
2019-07-11 11:35:58.050  INFO 36744 --- [Thread-26] com.zaxxer.hikari.HikariDataSource       : HikariPool-1 - Shutdown initiated...
2019-07-11 11:35:58.053  INFO 36744 --- [Thread-26] com.zaxxer.hikari.HikariDataSource       : HikariPool-1 - Shutdown completed.
